<testsuites id="" name="" tests="360" failures="239" skipped="0" errors="0" time="1059.904503">
<testsuite name="accessibility.spec.ts" timestamp="2026-02-08T18:58:22.545Z" hostname="chromium" tests="15" failures="0" skipped="0" time="29.981" errors="0">
<testcase name="Accessibility Tests › should have proper page title" classname="accessibility.spec.ts" time="2.446">
</testcase>
<testcase name="Accessibility Tests › should have focusable interactive elements" classname="accessibility.spec.ts" time="2.607">
</testcase>
<testcase name="Accessibility Tests › should have keyboard navigable difficulty selection" classname="accessibility.spec.ts" time="2.182">
</testcase>
<testcase name="Accessibility Tests › should support keyboard activation of buttons" classname="accessibility.spec.ts" time="2.051">
</testcase>
<testcase name="Accessibility Tests › should have adequate color contrast" classname="accessibility.spec.ts" time="1.74">
</testcase>
<testcase name="Accessibility Tests › should have semantic HTML structure" classname="accessibility.spec.ts" time="1.716">
</testcase>
<testcase name="Accessibility Tests › should handle high contrast mode" classname="accessibility.spec.ts" time="1.712">
</testcase>
<testcase name="Accessibility Tests › should have visible focus indicators" classname="accessibility.spec.ts" time="1.722">
</testcase>
<testcase name="Screen Reader Support › should have descriptive button text" classname="accessibility.spec.ts" time="1.658">
</testcase>
<testcase name="Screen Reader Support › should have labeled form controls" classname="accessibility.spec.ts" time="1.604">
</testcase>
<testcase name="Screen Reader Support › should have meaningful difficulty labels" classname="accessibility.spec.ts" time="1.911">
</testcase>
<testcase name="Screen Reader Support › should announce game state changes" classname="accessibility.spec.ts" time="2.173">
</testcase>
<testcase name="Screen Reader Support › should have descriptive score display" classname="accessibility.spec.ts" time="2.09">
</testcase>
<testcase name="Responsive Touch Support › should have touch-friendly button sizes" classname="accessibility.spec.ts" time="1.783">
</testcase>
<testcase name="Responsive Touch Support › should respond to tap events" classname="accessibility.spec.ts" time="2.586">
</testcase>
</testsuite>
<testsuite name="compatibility.spec.ts" timestamp="2026-02-08T18:58:22.545Z" hostname="chromium" tests="15" failures="1" skipped="0" time="49.613" errors="0">
<testcase name="Cross-Browser Compatibility › should render correctly in all browsers" classname="compatibility.spec.ts" time="2.172">
<system-out>
<![CDATA[Testing on: chromium
]]>
</system-out>
</testcase>
<testcase name="Cross-Browser Compatibility › should handle canvas rendering across browsers" classname="compatibility.spec.ts" time="3.252">
</testcase>
<testcase name="Cross-Browser Compatibility › should maintain consistent layout" classname="compatibility.spec.ts" time="2.181">
</testcase>
<testcase name="Cross-Browser Compatibility › should handle audio file selection" classname="compatibility.spec.ts" time="2.1">
</testcase>
<testcase name="LocalStorage Compatibility › should persist difficulty selection" classname="compatibility.spec.ts" time="3.456">
</testcase>
<testcase name="LocalStorage Compatibility › should persist scoreboard data" classname="compatibility.spec.ts" time="3.245">
</testcase>
<testcase name="LocalStorage Compatibility › should handle missing localStorage gracefully" classname="compatibility.spec.ts" time="14.016">
<failure message="compatibility.spec.ts:81:7 should handle missing localStorage gracefully" type="FAILURE">
<![CDATA[  [chromium] › compatibility.spec.ts:81:7 › LocalStorage Compatibility › should handle missing localStorage gracefully 

    Error: expect(locator).toBeVisible() failed

    Locator: locator('button:has-text("Start Game")')
    Expected: visible
    Timeout: 10000ms
    Error: element(s) not found

    Call log:
      - Expect "toBeVisible" with timeout 10000ms
      - waiting for locator('button:has-text("Start Game")')


      89 |     
      90 |     // App should still load even without localStorage
    > 91 |     await expect(page.locator('button:has-text("Start Game")')).toBeVisible({ timeout: 10000 });
         |                                                                 ^
      92 |   });
      93 | });
      94 |
        at C:\dev\git\truttijagd\trutti-hunt\e2e\compatibility.spec.ts:91:65

    attachment #1: screenshot (image/png) ──────────────────────────────────────────────────────────
    ..\test-results\compatibility-LocalStorage-1d89e-ing-localStorage-gracefully-chromium\test-failed-1.png
    ────────────────────────────────────────────────────────────────────────────────────────────────

    attachment #2: video (video/webm) ──────────────────────────────────────────────────────────────
    ..\test-results\compatibility-LocalStorage-1d89e-ing-localStorage-gracefully-chromium\video.webm
    ────────────────────────────────────────────────────────────────────────────────────────────────

    Error Context: ..\test-results\compatibility-LocalStorage-1d89e-ing-localStorage-gracefully-chromium\error-context.md
]]>
</failure>
<system-out>
<![CDATA[
[[ATTACHMENT|..\test-results\compatibility-LocalStorage-1d89e-ing-localStorage-gracefully-chromium\test-failed-1.png]]

[[ATTACHMENT|..\test-results\compatibility-LocalStorage-1d89e-ing-localStorage-gracefully-chromium\video.webm]]

[[ATTACHMENT|..\test-results\compatibility-LocalStorage-1d89e-ing-localStorage-gracefully-chromium\error-context.md]]
]]>
</system-out>
</testcase>
<testcase name="Responsive Design › should render correctly at Desktop HD (1920x1080)" classname="compatibility.spec.ts" time="2.313">
</testcase>
<testcase name="Responsive Design › should render correctly at Laptop (1366x768)" classname="compatibility.spec.ts" time="2.233">
</testcase>
<testcase name="Responsive Design › should render correctly at Tablet Portrait (768x1024)" classname="compatibility.spec.ts" time="2.008">
</testcase>
<testcase name="Responsive Design › should render correctly at Tablet Landscape (1024x768)" classname="compatibility.spec.ts" time="2.204">
</testcase>
<testcase name="Responsive Design › should render correctly at Mobile Portrait (375x667)" classname="compatibility.spec.ts" time="2.185">
</testcase>
<testcase name="Responsive Design › should render correctly at Mobile Landscape (667x375)" classname="compatibility.spec.ts" time="2.528">
</testcase>
<testcase name="Network Conditions › should load with slow network" classname="compatibility.spec.ts" time="3.837">
</testcase>
<testcase name="Network Conditions › should handle offline mode gracefully" classname="compatibility.spec.ts" time="1.883">
</testcase>
</testsuite>
<testsuite name="game-initialization.spec.ts" timestamp="2026-02-08T18:58:22.545Z" hostname="chromium" tests="12" failures="0" skipped="0" time="44.574" errors="0">
<testcase name="Game Initialization › should load the application" classname="game-initialization.spec.ts" time="1.142">
</testcase>
<testcase name="Game Initialization › should display start screen with difficulty slider" classname="game-initialization.spec.ts" time="1.547">
</testcase>
<testcase name="Game Initialization › should display audio URL input" classname="game-initialization.spec.ts" time="1.223">
</testcase>
<testcase name="Game Initialization › should have Start Game button" classname="game-initialization.spec.ts" time="1.663">
</testcase>
<testcase name="Game Start and UI › should start game on Andi difficulty" classname="game-initialization.spec.ts" time="3.638">
</testcase>
<testcase name="Game Start and UI › should start game on Schuh difficulty" classname="game-initialization.spec.ts" time="6.038">
</testcase>
<testcase name="Game Start and UI › should start game on Mexxx difficulty" classname="game-initialization.spec.ts" time="5.248">
</testcase>
<testcase name="Game Start and UI › should display initial score of $0" classname="game-initialization.spec.ts" time="4.666">
</testcase>
<testcase name="Game Start and UI › should display timer at 90 seconds" classname="game-initialization.spec.ts" time="4.036">
</testcase>
<testcase name="Game Start and UI › should render canvas with appropriate dimensions" classname="game-initialization.spec.ts" time="6.251">
</testcase>
<testcase name="Difficulty Persistence › should remember selected difficulty after reload" classname="game-initialization.spec.ts" time="5.288">
</testcase>
<testcase name="Difficulty Persistence › should persist audio URL selection" classname="game-initialization.spec.ts" time="3.834">
</testcase>
</testsuite>
<testsuite name="game-states.spec.ts" timestamp="2026-02-08T18:58:22.545Z" hostname="chromium" tests="9" failures="6" skipped="0" time="188.657" errors="0">
<testcase name="Pause and Resume › should pause the game" classname="game-states.spec.ts" time="8.611">
<failure message="game-states.spec.ts:8:7 should pause the game" type="FAILURE">
<![CDATA[  [chromium] › game-states.spec.ts:8:7 › Pause and Resume › should pause the game ──────────────────

    Error: expect(locator).toBeVisible() failed

    Locator: locator('button:has-text("Resume")')
    Expected: visible
    Timeout: 5000ms
    Error: element(s) not found

    Call log:
      - Expect "toBeVisible" with timeout 5000ms
      - waiting for locator('button:has-text("Resume")')


      14 |     
      15 |     // Pause button should change to Resume
    > 16 |     await expect(gamePage.page.locator('button:has-text("Resume")')).toBeVisible();
         |                                                                      ^
      17 |     
      18 |     // Wait 2 seconds while paused
      19 |     await gamePage.page.waitForTimeout(2000);
        at C:\dev\git\truttijagd\trutti-hunt\e2e\game-states.spec.ts:16:70

    attachment #1: screenshot (image/png) ──────────────────────────────────────────────────────────
    ..\test-results\game-states-Pause-and-Resume-should-pause-the-game-chromium\test-failed-1.png
    ────────────────────────────────────────────────────────────────────────────────────────────────

    attachment #2: video (video/webm) ──────────────────────────────────────────────────────────────
    ..\test-results\game-states-Pause-and-Resume-should-pause-the-game-chromium\video.webm
    ────────────────────────────────────────────────────────────────────────────────────────────────

    Error Context: ..\test-results\game-states-Pause-and-Resume-should-pause-the-game-chromium\error-context.md
]]>
</failure>
<system-out>
<![CDATA[
[[ATTACHMENT|..\test-results\game-states-Pause-and-Resume-should-pause-the-game-chromium\test-failed-1.png]]

[[ATTACHMENT|..\test-results\game-states-Pause-and-Resume-should-pause-the-game-chromium\video.webm]]

[[ATTACHMENT|..\test-results\game-states-Pause-and-Resume-should-pause-the-game-chromium\error-context.md]]
]]>
</system-out>
</testcase>
<testcase name="Pause and Resume › should resume the game after pause" classname="game-states.spec.ts" time="7.956">
<failure message="game-states.spec.ts:27:7 should resume the game after pause" type="FAILURE">
<![CDATA[  [chromium] › game-states.spec.ts:27:7 › Pause and Resume › should resume the game after pause ────

    Error: expect(locator).toBeVisible() failed

    Locator: locator('button:has-text("Resume")')
    Expected: visible
    Timeout: 5000ms
    Error: element(s) not found

    Call log:
      - Expect "toBeVisible" with timeout 5000ms
      - waiting for locator('button:has-text("Resume")')


      29 |     
      30 |     await gamePage.pauseGame();
    > 31 |     await expect(gamePage.page.locator('button:has-text("Resume")')).toBeVisible();
         |                                                                      ^
      32 |     
      33 |     await gamePage.resumeGame();
      34 |     await expect(gamePage.page.locator('button:has-text("Pause")')).toBeVisible();
        at C:\dev\git\truttijagd\trutti-hunt\e2e\game-states.spec.ts:31:70

    attachment #1: screenshot (image/png) ──────────────────────────────────────────────────────────
    ..\test-results\game-states-Pause-and-Resu-db0db-resume-the-game-after-pause-chromium\test-failed-1.png
    ────────────────────────────────────────────────────────────────────────────────────────────────

    attachment #2: video (video/webm) ──────────────────────────────────────────────────────────────
    ..\test-results\game-states-Pause-and-Resu-db0db-resume-the-game-after-pause-chromium\video.webm
    ────────────────────────────────────────────────────────────────────────────────────────────────

    Error Context: ..\test-results\game-states-Pause-and-Resu-db0db-resume-the-game-after-pause-chromium\error-context.md
]]>
</failure>
<system-out>
<![CDATA[
[[ATTACHMENT|..\test-results\game-states-Pause-and-Resu-db0db-resume-the-game-after-pause-chromium\test-failed-1.png]]

[[ATTACHMENT|..\test-results\game-states-Pause-and-Resu-db0db-resume-the-game-after-pause-chromium\video.webm]]

[[ATTACHMENT|..\test-results\game-states-Pause-and-Resu-db0db-resume-the-game-after-pause-chromium\error-context.md]]
]]>
</system-out>
</testcase>
<testcase name="Pause and Resume › should maintain score during pause" classname="game-states.spec.ts" time="9.879">
</testcase>
<testcase name="Pause and Resume › should not allow clicking objects while paused" classname="game-states.spec.ts" time="10.284">
</testcase>
<testcase name="Pause and Resume › should handle multiple pause/resume cycles" classname="game-states.spec.ts" time="10.453">
</testcase>
<testcase name="Game Over › should end game when timer reaches zero" classname="game-states.spec.ts" time="38.064">
<failure message="game-states.spec.ts:111:7 should end game when timer reaches zero" type="FAILURE">
<![CDATA[  [chromium] › game-states.spec.ts:111:7 › Game Over › should end game when timer reaches zero ─────

    Test timeout of 30000ms exceeded.

    Error: expect(locator).toBeVisible() failed

    Locator: locator('text=/Game Over|Final Score/i')
    Expected: visible
    Error: element(s) not found

    Call log:
      - Expect "toBeVisible" with timeout 100000ms
      - waiting for locator('text=/Game Over|Final Score/i')


      113 |     
      114 |     // Wait for game to end (with timeout)
    > 115 |     await expect(page.locator('text=/Game Over|Final Score/i')).toBeVisible({ timeout: 100000 });
          |                                                                 ^
      116 |   });
      117 |
      118 |   test('should display final score at game over', async ({ gamePage, page }) => {
        at C:\dev\git\truttijagd\trutti-hunt\e2e\game-states.spec.ts:115:65

    attachment #1: screenshot (image/png) ──────────────────────────────────────────────────────────
    ..\test-results\game-states-Game-Over-shou-7b85d-ame-when-timer-reaches-zero-chromium\test-failed-1.png
    ────────────────────────────────────────────────────────────────────────────────────────────────

    attachment #2: video (video/webm) ──────────────────────────────────────────────────────────────
    ..\test-results\game-states-Game-Over-shou-7b85d-ame-when-timer-reaches-zero-chromium\video.webm
    ────────────────────────────────────────────────────────────────────────────────────────────────

    Error Context: ..\test-results\game-states-Game-Over-shou-7b85d-ame-when-timer-reaches-zero-chromium\error-context.md
]]>
</failure>
<system-out>
<![CDATA[
[[ATTACHMENT|..\test-results\game-states-Game-Over-shou-7b85d-ame-when-timer-reaches-zero-chromium\test-failed-1.png]]

[[ATTACHMENT|..\test-results\game-states-Game-Over-shou-7b85d-ame-when-timer-reaches-zero-chromium\video.webm]]

[[ATTACHMENT|..\test-results\game-states-Game-Over-shou-7b85d-ame-when-timer-reaches-zero-chromium\error-context.md]]
]]>
</system-out>
</testcase>
<testcase name="Game Over › should display final score at game over" classname="game-states.spec.ts" time="34.548">
<failure message="game-states.spec.ts:118:7 should display final score at game over" type="FAILURE">
<![CDATA[  [chromium] › game-states.spec.ts:118:7 › Game Over › should display final score at game over ─────

    Test timeout of 30000ms exceeded.

    Error: expect(locator).toBeVisible() failed

    Locator: locator('text=/Game Over|Final Score/i')
    Expected: visible
    Error: element(s) not found

    Call log:
      - Expect "toBeVisible" with timeout 100000ms
      - waiting for locator('text=/Game Over|Final Score/i')


      126 |     
      127 |     // Wait for game over (shortened for testing)
    > 128 |     await expect(page.locator('text=/Game Over|Final Score/i')).toBeVisible({ timeout: 100000 });
          |                                                                 ^
      129 |     
      130 |     // Check that a score is displayed
      131 |     const scoreText = await page.locator('text=/\\$\\d+/').first().textContent();
        at C:\dev\git\truttijagd\trutti-hunt\e2e\game-states.spec.ts:128:65

    attachment #1: screenshot (image/png) ──────────────────────────────────────────────────────────
    ..\test-results\game-states-Game-Over-shou-8ff70-ay-final-score-at-game-over-chromium\test-failed-1.png
    ────────────────────────────────────────────────────────────────────────────────────────────────

    attachment #2: video (video/webm) ──────────────────────────────────────────────────────────────
    ..\test-results\game-states-Game-Over-shou-8ff70-ay-final-score-at-game-over-chromium\video.webm
    ────────────────────────────────────────────────────────────────────────────────────────────────

    Error Context: ..\test-results\game-states-Game-Over-shou-8ff70-ay-final-score-at-game-over-chromium\error-context.md
]]>
</failure>
<system-out>
<![CDATA[
[[ATTACHMENT|..\test-results\game-states-Game-Over-shou-8ff70-ay-final-score-at-game-over-chromium\test-failed-1.png]]

[[ATTACHMENT|..\test-results\game-states-Game-Over-shou-8ff70-ay-final-score-at-game-over-chromium\video.webm]]

[[ATTACHMENT|..\test-results\game-states-Game-Over-shou-8ff70-ay-final-score-at-game-over-chromium\error-context.md]]
]]>
</system-out>
</testcase>
<testcase name="Game Over › should show scoreboard after game over" classname="game-states.spec.ts" time="35.931">
<failure message="game-states.spec.ts:135:7 should show scoreboard after game over" type="FAILURE">
<![CDATA[  [chromium] › game-states.spec.ts:135:7 › Game Over › should show scoreboard after game over ──────

    Test timeout of 30000ms exceeded.

    Error: expect(locator).toBeVisible() failed

    Locator: locator('text=/Game Over|Final Score/i')
    Expected: visible
    Error: element(s) not found

    Call log:
      - Expect "toBeVisible" with timeout 100000ms
      - waiting for locator('text=/Game Over|Final Score/i')


      137 |     
      138 |     // Wait for game over
    > 139 |     await expect(page.locator('text=/Game Over|Final Score/i')).toBeVisible({ timeout: 100000 });
          |                                                                 ^
      140 |     
      141 |     // Scoreboard should be visible
      142 |     await expect(page.locator('text=/High Scores|Scoreboard/i')).toBeVisible({ timeout: 5000 });
        at C:\dev\git\truttijagd\trutti-hunt\e2e\game-states.spec.ts:139:65

    attachment #1: screenshot (image/png) ──────────────────────────────────────────────────────────
    ..\test-results\game-states-Game-Over-should-show-scoreboard-after-game-over-chromium\test-failed-1.png
    ────────────────────────────────────────────────────────────────────────────────────────────────

    attachment #2: video (video/webm) ──────────────────────────────────────────────────────────────
    ..\test-results\game-states-Game-Over-should-show-scoreboard-after-game-over-chromium\video.webm
    ────────────────────────────────────────────────────────────────────────────────────────────────

    Error Context: ..\test-results\game-states-Game-Over-should-show-scoreboard-after-game-over-chromium\error-context.md
]]>
</failure>
<system-out>
<![CDATA[
[[ATTACHMENT|..\test-results\game-states-Game-Over-should-show-scoreboard-after-game-over-chromium\test-failed-1.png]]

[[ATTACHMENT|..\test-results\game-states-Game-Over-should-show-scoreboard-after-game-over-chromium\video.webm]]

[[ATTACHMENT|..\test-results\game-states-Game-Over-should-show-scoreboard-after-game-over-chromium\error-context.md]]
]]>
</system-out>
</testcase>
<testcase name="Game Over › should allow restarting after game over" classname="game-states.spec.ts" time="32.931">
<failure message="game-states.spec.ts:145:7 should allow restarting after game over" type="FAILURE">
<![CDATA[  [chromium] › game-states.spec.ts:145:7 › Game Over › should allow restarting after game over ─────

    Test timeout of 30000ms exceeded.

    Error: expect(locator).toBeVisible() failed

    Locator: locator('text=/Game Over|Final Score/i')
    Expected: visible
    Error: element(s) not found

    Call log:
      - Expect "toBeVisible" with timeout 100000ms
      - waiting for locator('text=/Game Over|Final Score/i')


      147 |     
      148 |     // Wait for game over
    > 149 |     await expect(page.locator('text=/Game Over|Final Score/i')).toBeVisible({ timeout: 100000 });
          |                                                                 ^
      150 |     
      151 |     // Should have option to restart
      152 |     const restartBtn = page.locator('button:has-text("Play Again"), button:has-text("Start Game")');
        at C:\dev\git\truttijagd\trutti-hunt\e2e\game-states.spec.ts:149:65

    attachment #1: screenshot (image/png) ──────────────────────────────────────────────────────────
    ..\test-results\game-states-Game-Over-shou-d4269--restarting-after-game-over-chromium\test-failed-1.png
    ────────────────────────────────────────────────────────────────────────────────────────────────

    attachment #2: video (video/webm) ──────────────────────────────────────────────────────────────
    ..\test-results\game-states-Game-Over-shou-d4269--restarting-after-game-over-chromium\video.webm
    ────────────────────────────────────────────────────────────────────────────────────────────────

    Error Context: ..\test-results\game-states-Game-Over-shou-d4269--restarting-after-game-over-chromium\error-context.md
]]>
</failure>
<system-out>
<![CDATA[
[[ATTACHMENT|..\test-results\game-states-Game-Over-shou-d4269--restarting-after-game-over-chromium\test-failed-1.png]]

[[ATTACHMENT|..\test-results\game-states-Game-Over-shou-d4269--restarting-after-game-over-chromium\video.webm]]

[[ATTACHMENT|..\test-results\game-states-Game-Over-shou-d4269--restarting-after-game-over-chromium\error-context.md]]
]]>
</system-out>
</testcase>
</testsuite>
<testsuite name="gameplay.spec.ts" timestamp="2026-02-08T18:58:22.545Z" hostname="chromium" tests="10" failures="1" skipped="0" time="140.791" errors="0">
<testcase name="Gameplay Mechanics › should allow clicking on canvas during gameplay" classname="gameplay.spec.ts" time="11.432">
</testcase>
<testcase name="Gameplay Mechanics › should increment score when objects are clicked" classname="gameplay.spec.ts" time="12.66">
</testcase>
<testcase name="Gameplay Mechanics › should decrease timer during gameplay" classname="gameplay.spec.ts" time="9.349">
</testcase>
<testcase name="Gameplay Mechanics › should spawn objects continuously during gameplay" classname="gameplay.spec.ts" time="8.344">
</testcase>
<testcase name="Gameplay Mechanics › should handle rapid clicking without crashing" classname="gameplay.spec.ts" time="15.16">
</testcase>
<testcase name="Difficulty-Specific Mechanics › Andi difficulty should spawn bikini girls" classname="gameplay.spec.ts" time="12.332">
</testcase>
<testcase name="Difficulty-Specific Mechanics › Schuh difficulty should have faster gameplay" classname="gameplay.spec.ts" time="8.263">
</testcase>
<testcase name="Difficulty-Specific Mechanics › Mexxx difficulty should have rapid object spawning" classname="gameplay.spec.ts" time="6.941">
</testcase>
<testcase name="Special Objects › should track special turkey catches" classname="gameplay.spec.ts" time="21.976">
</testcase>
<testcase name="Special Objects › should complete special turkey collection" classname="gameplay.spec.ts" time="34.334">
<failure message="gameplay.spec.ts:148:7 should complete special turkey collection" type="FAILURE">
<![CDATA[  [chromium] › gameplay.spec.ts:148:7 › Special Objects › should complete special turkey collection 

    Test timeout of 30000ms exceeded.

    Error: page.waitForTimeout: Test timeout of 30000ms exceeded.

      152 |     for (let i = 0; i < 100; i++) {
      153 |       await gamePage.clickObject(i % 8);
    > 154 |       await gamePage.page.waitForTimeout(200);
          |                           ^
      155 |       
      156 |       // Check if we've run out of time
      157 |       const time = await gamePage.getTimeRemaining();
        at C:\dev\git\truttijagd\trutti-hunt\e2e\gameplay.spec.ts:154:27

    attachment #1: screenshot (image/png) ──────────────────────────────────────────────────────────
    ..\test-results\gameplay-Special-Objects-s-b9ac3-e-special-turkey-collection-chromium\test-failed-1.png
    ────────────────────────────────────────────────────────────────────────────────────────────────

    attachment #2: video (video/webm) ──────────────────────────────────────────────────────────────
    ..\test-results\gameplay-Special-Objects-s-b9ac3-e-special-turkey-collection-chromium\video.webm
    ────────────────────────────────────────────────────────────────────────────────────────────────

    Error Context: ..\test-results\gameplay-Special-Objects-s-b9ac3-e-special-turkey-collection-chromium\error-context.md
]]>
</failure>
<system-out>
<![CDATA[
[[ATTACHMENT|..\test-results\gameplay-Special-Objects-s-b9ac3-e-special-turkey-collection-chromium\test-failed-1.png]]

[[ATTACHMENT|..\test-results\gameplay-Special-Objects-s-b9ac3-e-special-turkey-collection-chromium\video.webm]]

[[ATTACHMENT|..\test-results\gameplay-Special-Objects-s-b9ac3-e-special-turkey-collection-chromium\error-context.md]]
]]>
</system-out>
</testcase>
</testsuite>
<testsuite name="performance.spec.ts" timestamp="2026-02-08T18:58:22.545Z" hostname="chromium" tests="11" failures="2" skipped="0" time="156.557" errors="0">
<testcase name="Performance Benchmarks › should maintain stable FPS during gameplay" classname="performance.spec.ts" time="19.124">
</testcase>
<testcase name="Performance Benchmarks › should handle high object count on Mexxx difficulty" classname="performance.spec.ts" time="26.364">
</testcase>
<testcase name="Performance Benchmarks › should not have memory leaks during extended play" classname="performance.spec.ts" time="29.326">
</testcase>
<testcase name="Performance Benchmarks › should load quickly on initial page load" classname="performance.spec.ts" time="2.041">
</testcase>
<testcase name="Performance Benchmarks › should render canvas without visible lag" classname="performance.spec.ts" time="5.209">
</testcase>
<testcase name="Resource Management › should properly cleanup on game restart" classname="performance.spec.ts" time="5.858">
</testcase>
<testcase name="Resource Management › should handle rapid difficulty changes" classname="performance.spec.ts" time="18.331">
<failure message="performance.spec.ts:100:7 should handle rapid difficulty changes" type="FAILURE">
<![CDATA[  [chromium] › performance.spec.ts:100:7 › Resource Management › should handle rapid difficulty changes 

    TimeoutError: locator.click: Timeout 10000ms exceeded.
    Call log:
      - waiting for locator('button:has-text("Andi")')


      102 |     
      103 |     for (const diff of difficulties) {
    > 104 |       await page.locator(`button:has-text("${diff}")`).click();
          |                                                        ^
      105 |       await page.waitForTimeout(200);
      106 |     }
      107 |     
        at C:\dev\git\truttijagd\trutti-hunt\e2e\performance.spec.ts:104:56

    attachment #1: screenshot (image/png) ──────────────────────────────────────────────────────────
    ..\test-results\performance-Resource-Manag-ad940-le-rapid-difficulty-changes-chromium\test-failed-1.png
    ────────────────────────────────────────────────────────────────────────────────────────────────

    attachment #2: video (video/webm) ──────────────────────────────────────────────────────────────
    ..\test-results\performance-Resource-Manag-ad940-le-rapid-difficulty-changes-chromium\video.webm
    ────────────────────────────────────────────────────────────────────────────────────────────────

    Error Context: ..\test-results\performance-Resource-Manag-ad940-le-rapid-difficulty-changes-chromium\error-context.md
]]>
</failure>
<system-out>
<![CDATA[
[[ATTACHMENT|..\test-results\performance-Resource-Manag-ad940-le-rapid-difficulty-changes-chromium\test-failed-1.png]]

[[ATTACHMENT|..\test-results\performance-Resource-Manag-ad940-le-rapid-difficulty-changes-chromium\video.webm]]

[[ATTACHMENT|..\test-results\performance-Resource-Manag-ad940-le-rapid-difficulty-changes-chromium\error-context.md]]
]]>
</system-out>
</testcase>
<testcase name="Resource Management › should handle page visibility changes" classname="performance.spec.ts" time="6.96">
</testcase>
<testcase name="Stress Testing › should handle continuous gameplay session" classname="performance.spec.ts" time="31.59">
<failure message="performance.spec.ts:133:7 should handle continuous gameplay session" type="FAILURE">
<![CDATA[  [chromium] › performance.spec.ts:133:7 › Stress Testing › should handle continuous gameplay session 

    Test timeout of 30000ms exceeded.

    Error: locator.boundingBox: Test timeout of 30000ms exceeded.
    Call log:
      - waiting for locator('canvas')
        - locator resolved to visible <canvas width="842" height="632" class="game-canvas" _ngcontent-ng-c4071194652=""></canvas>


       at fixtures.ts:96

      94 |       async clickObject(index = 0) {
      95 |         const canvas = page.locator('canvas');
    > 96 |         const box = await canvas.boundingBox();
         |                                  ^
      97 |         if (box) {
      98 |           // Click in different areas based on index for variety
      99 |           const x = box.x + box.width * (0.3 + (index * 0.1) % 0.4);
        at Object.clickObject (C:\dev\git\truttijagd\trutti-hunt\e2e\fixtures.ts:96:34)
        at C:\dev\git\truttijagd\trutti-hunt\e2e\performance.spec.ts:138:22

    attachment #1: screenshot (image/png) ──────────────────────────────────────────────────────────
    ..\test-results\performance-Stress-Testing-eaa0f-continuous-gameplay-session-chromium\test-failed-1.png
    ────────────────────────────────────────────────────────────────────────────────────────────────

    attachment #2: video (video/webm) ──────────────────────────────────────────────────────────────
    ..\test-results\performance-Stress-Testing-eaa0f-continuous-gameplay-session-chromium\video.webm
    ────────────────────────────────────────────────────────────────────────────────────────────────

    Error Context: ..\test-results\performance-Stress-Testing-eaa0f-continuous-gameplay-session-chromium\error-context.md
]]>
</failure>
<system-out>
<![CDATA[
[[ATTACHMENT|..\test-results\performance-Stress-Testing-eaa0f-continuous-gameplay-session-chromium\test-failed-1.png]]

[[ATTACHMENT|..\test-results\performance-Stress-Testing-eaa0f-continuous-gameplay-session-chromium\video.webm]]

[[ATTACHMENT|..\test-results\performance-Stress-Testing-eaa0f-continuous-gameplay-session-chromium\error-context.md]]
]]>
</system-out>
</testcase>
<testcase name="Stress Testing › should handle edge case: clicking outside canvas" classname="performance.spec.ts" time="7.084">
</testcase>
<testcase name="Stress Testing › should handle browser resize during gameplay" classname="performance.spec.ts" time="4.67">
</testcase>
</testsuite>
<testsuite name="accessibility.spec.ts" timestamp="2026-02-08T18:58:22.545Z" hostname="firefox" tests="15" failures="15" skipped="0" time="0.179" errors="0">
<testcase name="Accessibility Tests › should have proper page title" classname="accessibility.spec.ts" time="0.009">
<failure message="accessibility.spec.ts:8:7 should have proper page title" type="FAILURE">
<![CDATA[  [firefox] › accessibility.spec.ts:8:7 › Accessibility Tests › should have proper page title ──────

    Error: browserType.launch: Executable doesn't exist at C:\Users\Simon\AppData\Local\ms-playwright\firefox-1509\firefox\firefox.exe
    ╔═════════════════════════════════════════════════════════════════════════╗
    ║ Looks like Playwright Test or Playwright was just installed or updated. ║
    ║ Please run the following command to download new browsers:              ║
    ║                                                                         ║
    ║     npx playwright install                                              ║
    ║                                                                         ║
    ║ <3 Playwright Team                                                      ║
    ╚═════════════════════════════════════════════════════════════════════════╝
]]>
</failure>
</testcase>
<testcase name="Accessibility Tests › should have focusable interactive elements" classname="accessibility.spec.ts" time="0.011">
<failure message="accessibility.spec.ts:12:7 should have focusable interactive elements" type="FAILURE">
<![CDATA[  [firefox] › accessibility.spec.ts:12:7 › Accessibility Tests › should have focusable interactive elements 

    Error: browserType.launch: Executable doesn't exist at C:\Users\Simon\AppData\Local\ms-playwright\firefox-1509\firefox\firefox.exe
    ╔═════════════════════════════════════════════════════════════════════════╗
    ║ Looks like Playwright Test or Playwright was just installed or updated. ║
    ║ Please run the following command to download new browsers:              ║
    ║                                                                         ║
    ║     npx playwright install                                              ║
    ║                                                                         ║
    ║ <3 Playwright Team                                                      ║
    ╚═════════════════════════════════════════════════════════════════════════╝
]]>
</failure>
</testcase>
<testcase name="Accessibility Tests › should have keyboard navigable difficulty selection" classname="accessibility.spec.ts" time="0.017">
<failure message="accessibility.spec.ts:18:7 should have keyboard navigable difficulty selection" type="FAILURE">
<![CDATA[  [firefox] › accessibility.spec.ts:18:7 › Accessibility Tests › should have keyboard navigable difficulty selection 

    Error: browserType.launch: Executable doesn't exist at C:\Users\Simon\AppData\Local\ms-playwright\firefox-1509\firefox\firefox.exe
    ╔═════════════════════════════════════════════════════════════════════════╗
    ║ Looks like Playwright Test or Playwright was just installed or updated. ║
    ║ Please run the following command to download new browsers:              ║
    ║                                                                         ║
    ║     npx playwright install                                              ║
    ║                                                                         ║
    ║ <3 Playwright Team                                                      ║
    ╚═════════════════════════════════════════════════════════════════════════╝
]]>
</failure>
</testcase>
<testcase name="Accessibility Tests › should support keyboard activation of buttons" classname="accessibility.spec.ts" time="0.01">
<failure message="accessibility.spec.ts:28:7 should support keyboard activation of buttons" type="FAILURE">
<![CDATA[  [firefox] › accessibility.spec.ts:28:7 › Accessibility Tests › should support keyboard activation of buttons 

    Error: browserType.launch: Executable doesn't exist at C:\Users\Simon\AppData\Local\ms-playwright\firefox-1509\firefox\firefox.exe
    ╔═════════════════════════════════════════════════════════════════════════╗
    ║ Looks like Playwright Test or Playwright was just installed or updated. ║
    ║ Please run the following command to download new browsers:              ║
    ║                                                                         ║
    ║     npx playwright install                                              ║
    ║                                                                         ║
    ║ <3 Playwright Team                                                      ║
    ╚═════════════════════════════════════════════════════════════════════════╝
]]>
</failure>
</testcase>
<testcase name="Accessibility Tests › should have adequate color contrast" classname="accessibility.spec.ts" time="0.009">
<failure message="accessibility.spec.ts:38:7 should have adequate color contrast" type="FAILURE">
<![CDATA[  [firefox] › accessibility.spec.ts:38:7 › Accessibility Tests › should have adequate color contrast 

    Error: browserType.launch: Executable doesn't exist at C:\Users\Simon\AppData\Local\ms-playwright\firefox-1509\firefox\firefox.exe
    ╔═════════════════════════════════════════════════════════════════════════╗
    ║ Looks like Playwright Test or Playwright was just installed or updated. ║
    ║ Please run the following command to download new browsers:              ║
    ║                                                                         ║
    ║     npx playwright install                                              ║
    ║                                                                         ║
    ║ <3 Playwright Team                                                      ║
    ╚═════════════════════════════════════════════════════════════════════════╝
]]>
</failure>
</testcase>
<testcase name="Accessibility Tests › should have semantic HTML structure" classname="accessibility.spec.ts" time="0.023">
<failure message="accessibility.spec.ts:55:7 should have semantic HTML structure" type="FAILURE">
<![CDATA[  [firefox] › accessibility.spec.ts:55:7 › Accessibility Tests › should have semantic HTML structure 

    Error: browserType.launch: Executable doesn't exist at C:\Users\Simon\AppData\Local\ms-playwright\firefox-1509\firefox\firefox.exe
    ╔═════════════════════════════════════════════════════════════════════════╗
    ║ Looks like Playwright Test or Playwright was just installed or updated. ║
    ║ Please run the following command to download new browsers:              ║
    ║                                                                         ║
    ║     npx playwright install                                              ║
    ║                                                                         ║
    ║ <3 Playwright Team                                                      ║
    ╚═════════════════════════════════════════════════════════════════════════╝
]]>
</failure>
</testcase>
<testcase name="Accessibility Tests › should handle high contrast mode" classname="accessibility.spec.ts" time="0.011">
<failure message="accessibility.spec.ts:62:7 should handle high contrast mode" type="FAILURE">
<![CDATA[  [firefox] › accessibility.spec.ts:62:7 › Accessibility Tests › should handle high contrast mode ──

    Error: browserType.launch: Executable doesn't exist at C:\Users\Simon\AppData\Local\ms-playwright\firefox-1509\firefox\firefox.exe
    ╔═════════════════════════════════════════════════════════════════════════╗
    ║ Looks like Playwright Test or Playwright was just installed or updated. ║
    ║ Please run the following command to download new browsers:              ║
    ║                                                                         ║
    ║     npx playwright install                                              ║
    ║                                                                         ║
    ║ <3 Playwright Team                                                      ║
    ╚═════════════════════════════════════════════════════════════════════════╝
]]>
</failure>
</testcase>
<testcase name="Accessibility Tests › should have visible focus indicators" classname="accessibility.spec.ts" time="0.011">
<failure message="accessibility.spec.ts:69:7 should have visible focus indicators" type="FAILURE">
<![CDATA[  [firefox] › accessibility.spec.ts:69:7 › Accessibility Tests › should have visible focus indicators 

    Error: browserType.launch: Executable doesn't exist at C:\Users\Simon\AppData\Local\ms-playwright\firefox-1509\firefox\firefox.exe
    ╔═════════════════════════════════════════════════════════════════════════╗
    ║ Looks like Playwright Test or Playwright was just installed or updated. ║
    ║ Please run the following command to download new browsers:              ║
    ║                                                                         ║
    ║     npx playwright install                                              ║
    ║                                                                         ║
    ║ <3 Playwright Team                                                      ║
    ╚═════════════════════════════════════════════════════════════════════════╝
]]>
</failure>
</testcase>
<testcase name="Screen Reader Support › should have descriptive button text" classname="accessibility.spec.ts" time="0.01">
<failure message="accessibility.spec.ts:84:7 should have descriptive button text" type="FAILURE">
<![CDATA[  [firefox] › accessibility.spec.ts:84:7 › Screen Reader Support › should have descriptive button text 

    Error: browserType.launch: Executable doesn't exist at C:\Users\Simon\AppData\Local\ms-playwright\firefox-1509\firefox\firefox.exe
    ╔═════════════════════════════════════════════════════════════════════════╗
    ║ Looks like Playwright Test or Playwright was just installed or updated. ║
    ║ Please run the following command to download new browsers:              ║
    ║                                                                         ║
    ║     npx playwright install                                              ║
    ║                                                                         ║
    ║ <3 Playwright Team                                                      ║
    ╚═════════════════════════════════════════════════════════════════════════╝
]]>
</failure>
</testcase>
<testcase name="Screen Reader Support › should have labeled form controls" classname="accessibility.spec.ts" time="0.008">
<failure message="accessibility.spec.ts:91:7 should have labeled form controls" type="FAILURE">
<![CDATA[  [firefox] › accessibility.spec.ts:91:7 › Screen Reader Support › should have labeled form controls 

    Error: browserType.launch: Executable doesn't exist at C:\Users\Simon\AppData\Local\ms-playwright\firefox-1509\firefox\firefox.exe
    ╔═════════════════════════════════════════════════════════════════════════╗
    ║ Looks like Playwright Test or Playwright was just installed or updated. ║
    ║ Please run the following command to download new browsers:              ║
    ║                                                                         ║
    ║     npx playwright install                                              ║
    ║                                                                         ║
    ║ <3 Playwright Team                                                      ║
    ╚═════════════════════════════════════════════════════════════════════════╝
]]>
</failure>
</testcase>
<testcase name="Screen Reader Support › should have meaningful difficulty labels" classname="accessibility.spec.ts" time="0.019">
<failure message="accessibility.spec.ts:97:7 should have meaningful difficulty labels" type="FAILURE">
<![CDATA[  [firefox] › accessibility.spec.ts:97:7 › Screen Reader Support › should have meaningful difficulty labels 

    Error: browserType.launch: Executable doesn't exist at C:\Users\Simon\AppData\Local\ms-playwright\firefox-1509\firefox\firefox.exe
    ╔═════════════════════════════════════════════════════════════════════════╗
    ║ Looks like Playwright Test or Playwright was just installed or updated. ║
    ║ Please run the following command to download new browsers:              ║
    ║                                                                         ║
    ║     npx playwright install                                              ║
    ║                                                                         ║
    ║ <3 Playwright Team                                                      ║
    ╚═════════════════════════════════════════════════════════════════════════╝
]]>
</failure>
</testcase>
<testcase name="Screen Reader Support › should announce game state changes" classname="accessibility.spec.ts" time="0.014">
<failure message="accessibility.spec.ts:122:7 should announce game state changes" type="FAILURE">
<![CDATA[  [firefox] › accessibility.spec.ts:122:7 › Screen Reader Support › should announce game state changes 

    Error: browserType.launch: Executable doesn't exist at C:\Users\Simon\AppData\Local\ms-playwright\firefox-1509\firefox\firefox.exe
    ╔═════════════════════════════════════════════════════════════════════════╗
    ║ Looks like Playwright Test or Playwright was just installed or updated. ║
    ║ Please run the following command to download new browsers:              ║
    ║                                                                         ║
    ║     npx playwright install                                              ║
    ║                                                                         ║
    ║ <3 Playwright Team                                                      ║
    ╚═════════════════════════════════════════════════════════════════════════╝
]]>
</failure>
</testcase>
<testcase name="Screen Reader Support › should have descriptive score display" classname="accessibility.spec.ts" time="0.008">
<failure message="accessibility.spec.ts:131:7 should have descriptive score display" type="FAILURE">
<![CDATA[  [firefox] › accessibility.spec.ts:131:7 › Screen Reader Support › should have descriptive score display 

    Error: browserType.launch: Executable doesn't exist at C:\Users\Simon\AppData\Local\ms-playwright\firefox-1509\firefox\firefox.exe
    ╔═════════════════════════════════════════════════════════════════════════╗
    ║ Looks like Playwright Test or Playwright was just installed or updated. ║
    ║ Please run the following command to download new browsers:              ║
    ║                                                                         ║
    ║     npx playwright install                                              ║
    ║                                                                         ║
    ║ <3 Playwright Team                                                      ║
    ╚═════════════════════════════════════════════════════════════════════════╝
]]>
</failure>
</testcase>
<testcase name="Responsive Touch Support › should have touch-friendly button sizes" classname="accessibility.spec.ts" time="0.01">
<failure message="accessibility.spec.ts:147:7 should have touch-friendly button sizes" type="FAILURE">
<![CDATA[  [firefox] › accessibility.spec.ts:147:7 › Responsive Touch Support › should have touch-friendly button sizes 

    Error: browserType.launch: Executable doesn't exist at C:\Users\Simon\AppData\Local\ms-playwright\firefox-1509\firefox\firefox.exe
    ╔═════════════════════════════════════════════════════════════════════════╗
    ║ Looks like Playwright Test or Playwright was just installed or updated. ║
    ║ Please run the following command to download new browsers:              ║
    ║                                                                         ║
    ║     npx playwright install                                              ║
    ║                                                                         ║
    ║ <3 Playwright Team                                                      ║
    ╚═════════════════════════════════════════════════════════════════════════╝
]]>
</failure>
</testcase>
<testcase name="Responsive Touch Support › should respond to tap events" classname="accessibility.spec.ts" time="0.009">
<failure message="accessibility.spec.ts:158:7 should respond to tap events" type="FAILURE">
<![CDATA[  [firefox] › accessibility.spec.ts:158:7 › Responsive Touch Support › should respond to tap events 

    Error: browserType.launch: Executable doesn't exist at C:\Users\Simon\AppData\Local\ms-playwright\firefox-1509\firefox\firefox.exe
    ╔═════════════════════════════════════════════════════════════════════════╗
    ║ Looks like Playwright Test or Playwright was just installed or updated. ║
    ║ Please run the following command to download new browsers:              ║
    ║                                                                         ║
    ║     npx playwright install                                              ║
    ║                                                                         ║
    ║ <3 Playwright Team                                                      ║
    ╚═════════════════════════════════════════════════════════════════════════╝
]]>
</failure>
</testcase>
</testsuite>
<testsuite name="compatibility.spec.ts" timestamp="2026-02-08T18:58:22.545Z" hostname="firefox" tests="15" failures="15" skipped="0" time="0.127" errors="0">
<testcase name="Cross-Browser Compatibility › should render correctly in all browsers" classname="compatibility.spec.ts" time="0.011">
<failure message="compatibility.spec.ts:8:7 should render correctly in all browsers" type="FAILURE">
<![CDATA[  [firefox] › compatibility.spec.ts:8:7 › Cross-Browser Compatibility › should render correctly in all browsers 

    Error: browserType.launch: Executable doesn't exist at C:\Users\Simon\AppData\Local\ms-playwright\firefox-1509\firefox\firefox.exe
    ╔═════════════════════════════════════════════════════════════════════════╗
    ║ Looks like Playwright Test or Playwright was just installed or updated. ║
    ║ Please run the following command to download new browsers:              ║
    ║                                                                         ║
    ║     npx playwright install                                              ║
    ║                                                                         ║
    ║ <3 Playwright Team                                                      ║
    ╚═════════════════════════════════════════════════════════════════════════╝
]]>
</failure>
</testcase>
<testcase name="Cross-Browser Compatibility › should handle canvas rendering across browsers" classname="compatibility.spec.ts" time="0.009">
<failure message="compatibility.spec.ts:15:7 should handle canvas rendering across browsers" type="FAILURE">
<![CDATA[  [firefox] › compatibility.spec.ts:15:7 › Cross-Browser Compatibility › should handle canvas rendering across browsers 

    Error: browserType.launch: Executable doesn't exist at C:\Users\Simon\AppData\Local\ms-playwright\firefox-1509\firefox\firefox.exe
    ╔═════════════════════════════════════════════════════════════════════════╗
    ║ Looks like Playwright Test or Playwright was just installed or updated. ║
    ║ Please run the following command to download new browsers:              ║
    ║                                                                         ║
    ║     npx playwright install                                              ║
    ║                                                                         ║
    ║ <3 Playwright Team                                                      ║
    ╚═════════════════════════════════════════════════════════════════════════╝
]]>
</failure>
</testcase>
<testcase name="Cross-Browser Compatibility › should maintain consistent layout" classname="compatibility.spec.ts" time="0.008">
<failure message="compatibility.spec.ts:27:7 should maintain consistent layout" type="FAILURE">
<![CDATA[  [firefox] › compatibility.spec.ts:27:7 › Cross-Browser Compatibility › should maintain consistent layout 

    Error: browserType.launch: Executable doesn't exist at C:\Users\Simon\AppData\Local\ms-playwright\firefox-1509\firefox\firefox.exe
    ╔═════════════════════════════════════════════════════════════════════════╗
    ║ Looks like Playwright Test or Playwright was just installed or updated. ║
    ║ Please run the following command to download new browsers:              ║
    ║                                                                         ║
    ║     npx playwright install                                              ║
    ║                                                                         ║
    ║ <3 Playwright Team                                                      ║
    ╚═════════════════════════════════════════════════════════════════════════╝
]]>
</failure>
</testcase>
<testcase name="Cross-Browser Compatibility › should handle audio file selection" classname="compatibility.spec.ts" time="0.011">
<failure message="compatibility.spec.ts:36:7 should handle audio file selection" type="FAILURE">
<![CDATA[  [firefox] › compatibility.spec.ts:36:7 › Cross-Browser Compatibility › should handle audio file selection 

    Error: browserType.launch: Executable doesn't exist at C:\Users\Simon\AppData\Local\ms-playwright\firefox-1509\firefox\firefox.exe
    ╔═════════════════════════════════════════════════════════════════════════╗
    ║ Looks like Playwright Test or Playwright was just installed or updated. ║
    ║ Please run the following command to download new browsers:              ║
    ║                                                                         ║
    ║     npx playwright install                                              ║
    ║                                                                         ║
    ║ <3 Playwright Team                                                      ║
    ╚═════════════════════════════════════════════════════════════════════════╝
]]>
</failure>
</testcase>
<testcase name="LocalStorage Compatibility › should persist difficulty selection" classname="compatibility.spec.ts" time="0.01">
<failure message="compatibility.spec.ts:52:7 should persist difficulty selection" type="FAILURE">
<![CDATA[  [firefox] › compatibility.spec.ts:52:7 › LocalStorage Compatibility › should persist difficulty selection 

    Error: browserType.launch: Executable doesn't exist at C:\Users\Simon\AppData\Local\ms-playwright\firefox-1509\firefox\firefox.exe
    ╔═════════════════════════════════════════════════════════════════════════╗
    ║ Looks like Playwright Test or Playwright was just installed or updated. ║
    ║ Please run the following command to download new browsers:              ║
    ║                                                                         ║
    ║     npx playwright install                                              ║
    ║                                                                         ║
    ║ <3 Playwright Team                                                      ║
    ╚═════════════════════════════════════════════════════════════════════════╝
]]>
</failure>
</testcase>
<testcase name="LocalStorage Compatibility › should persist scoreboard data" classname="compatibility.spec.ts" time="0.011">
<failure message="compatibility.spec.ts:68:7 should persist scoreboard data" type="FAILURE">
<![CDATA[  [firefox] › compatibility.spec.ts:68:7 › LocalStorage Compatibility › should persist scoreboard data 

    Error: browserType.launch: Executable doesn't exist at C:\Users\Simon\AppData\Local\ms-playwright\firefox-1509\firefox\firefox.exe
    ╔═════════════════════════════════════════════════════════════════════════╗
    ║ Looks like Playwright Test or Playwright was just installed or updated. ║
    ║ Please run the following command to download new browsers:              ║
    ║                                                                         ║
    ║     npx playwright install                                              ║
    ║                                                                         ║
    ║ <3 Playwright Team                                                      ║
    ╚═════════════════════════════════════════════════════════════════════════╝
]]>
</failure>
</testcase>
<testcase name="LocalStorage Compatibility › should handle missing localStorage gracefully" classname="compatibility.spec.ts" time="0.008">
<failure message="compatibility.spec.ts:81:7 should handle missing localStorage gracefully" type="FAILURE">
<![CDATA[  [firefox] › compatibility.spec.ts:81:7 › LocalStorage Compatibility › should handle missing localStorage gracefully 

    Error: browserType.launch: Executable doesn't exist at C:\Users\Simon\AppData\Local\ms-playwright\firefox-1509\firefox\firefox.exe
    ╔═════════════════════════════════════════════════════════════════════════╗
    ║ Looks like Playwright Test or Playwright was just installed or updated. ║
    ║ Please run the following command to download new browsers:              ║
    ║                                                                         ║
    ║     npx playwright install                                              ║
    ║                                                                         ║
    ║ <3 Playwright Team                                                      ║
    ╚═════════════════════════════════════════════════════════════════════════╝
]]>
</failure>
</testcase>
<testcase name="Responsive Design › should render correctly at Desktop HD (1920x1080)" classname="compatibility.spec.ts" time="0.007">
<failure message="compatibility.spec.ts:106:9 should render correctly at Desktop HD (1920x1080)" type="FAILURE">
<![CDATA[  [firefox] › compatibility.spec.ts:106:9 › Responsive Design › should render correctly at Desktop HD (1920x1080) 

    Error: browserType.launch: Executable doesn't exist at C:\Users\Simon\AppData\Local\ms-playwright\firefox-1509\firefox\firefox.exe
    ╔═════════════════════════════════════════════════════════════════════════╗
    ║ Looks like Playwright Test or Playwright was just installed or updated. ║
    ║ Please run the following command to download new browsers:              ║
    ║                                                                         ║
    ║     npx playwright install                                              ║
    ║                                                                         ║
    ║ <3 Playwright Team                                                      ║
    ╚═════════════════════════════════════════════════════════════════════════╝
]]>
</failure>
</testcase>
<testcase name="Responsive Design › should render correctly at Laptop (1366x768)" classname="compatibility.spec.ts" time="0.006">
<failure message="compatibility.spec.ts:106:9 should render correctly at Laptop (1366x768)" type="FAILURE">
<![CDATA[  [firefox] › compatibility.spec.ts:106:9 › Responsive Design › should render correctly at Laptop (1366x768) 

    Error: browserType.launch: Executable doesn't exist at C:\Users\Simon\AppData\Local\ms-playwright\firefox-1509\firefox\firefox.exe
    ╔═════════════════════════════════════════════════════════════════════════╗
    ║ Looks like Playwright Test or Playwright was just installed or updated. ║
    ║ Please run the following command to download new browsers:              ║
    ║                                                                         ║
    ║     npx playwright install                                              ║
    ║                                                                         ║
    ║ <3 Playwright Team                                                      ║
    ╚═════════════════════════════════════════════════════════════════════════╝
]]>
</failure>
</testcase>
<testcase name="Responsive Design › should render correctly at Tablet Portrait (768x1024)" classname="compatibility.spec.ts" time="0.007">
<failure message="compatibility.spec.ts:106:9 should render correctly at Tablet Portrait (768x1024)" type="FAILURE">
<![CDATA[  [firefox] › compatibility.spec.ts:106:9 › Responsive Design › should render correctly at Tablet Portrait (768x1024) 

    Error: browserType.launch: Executable doesn't exist at C:\Users\Simon\AppData\Local\ms-playwright\firefox-1509\firefox\firefox.exe
    ╔═════════════════════════════════════════════════════════════════════════╗
    ║ Looks like Playwright Test or Playwright was just installed or updated. ║
    ║ Please run the following command to download new browsers:              ║
    ║                                                                         ║
    ║     npx playwright install                                              ║
    ║                                                                         ║
    ║ <3 Playwright Team                                                      ║
    ╚═════════════════════════════════════════════════════════════════════════╝
]]>
</failure>
</testcase>
<testcase name="Responsive Design › should render correctly at Tablet Landscape (1024x768)" classname="compatibility.spec.ts" time="0.005">
<failure message="compatibility.spec.ts:106:9 should render correctly at Tablet Landscape (1024x768)" type="FAILURE">
<![CDATA[  [firefox] › compatibility.spec.ts:106:9 › Responsive Design › should render correctly at Tablet Landscape (1024x768) 

    Error: browserType.launch: Executable doesn't exist at C:\Users\Simon\AppData\Local\ms-playwright\firefox-1509\firefox\firefox.exe
    ╔═════════════════════════════════════════════════════════════════════════╗
    ║ Looks like Playwright Test or Playwright was just installed or updated. ║
    ║ Please run the following command to download new browsers:              ║
    ║                                                                         ║
    ║     npx playwright install                                              ║
    ║                                                                         ║
    ║ <3 Playwright Team                                                      ║
    ╚═════════════════════════════════════════════════════════════════════════╝
]]>
</failure>
</testcase>
<testcase name="Responsive Design › should render correctly at Mobile Portrait (375x667)" classname="compatibility.spec.ts" time="0.009">
<failure message="compatibility.spec.ts:106:9 should render correctly at Mobile Portrait (375x667)" type="FAILURE">
<![CDATA[  [firefox] › compatibility.spec.ts:106:9 › Responsive Design › should render correctly at Mobile Portrait (375x667) 

    Error: browserType.launch: Executable doesn't exist at C:\Users\Simon\AppData\Local\ms-playwright\firefox-1509\firefox\firefox.exe
    ╔═════════════════════════════════════════════════════════════════════════╗
    ║ Looks like Playwright Test or Playwright was just installed or updated. ║
    ║ Please run the following command to download new browsers:              ║
    ║                                                                         ║
    ║     npx playwright install                                              ║
    ║                                                                         ║
    ║ <3 Playwright Team                                                      ║
    ╚═════════════════════════════════════════════════════════════════════════╝
]]>
</failure>
</testcase>
<testcase name="Responsive Design › should render correctly at Mobile Landscape (667x375)" classname="compatibility.spec.ts" time="0.009">
<failure message="compatibility.spec.ts:106:9 should render correctly at Mobile Landscape (667x375)" type="FAILURE">
<![CDATA[  [firefox] › compatibility.spec.ts:106:9 › Responsive Design › should render correctly at Mobile Landscape (667x375) 

    Error: browserType.launch: Executable doesn't exist at C:\Users\Simon\AppData\Local\ms-playwright\firefox-1509\firefox\firefox.exe
    ╔═════════════════════════════════════════════════════════════════════════╗
    ║ Looks like Playwright Test or Playwright was just installed or updated. ║
    ║ Please run the following command to download new browsers:              ║
    ║                                                                         ║
    ║     npx playwright install                                              ║
    ║                                                                         ║
    ║ <3 Playwright Team                                                      ║
    ╚═════════════════════════════════════════════════════════════════════════╝
]]>
</failure>
</testcase>
<testcase name="Network Conditions › should load with slow network" classname="compatibility.spec.ts" time="0.008">
<failure message="compatibility.spec.ts:127:7 should load with slow network" type="FAILURE">
<![CDATA[  [firefox] › compatibility.spec.ts:127:7 › Network Conditions › should load with slow network ─────

    Error: browserType.launch: Executable doesn't exist at C:\Users\Simon\AppData\Local\ms-playwright\firefox-1509\firefox\firefox.exe
    ╔═════════════════════════════════════════════════════════════════════════╗
    ║ Looks like Playwright Test or Playwright was just installed or updated. ║
    ║ Please run the following command to download new browsers:              ║
    ║                                                                         ║
    ║     npx playwright install                                              ║
    ║                                                                         ║
    ║ <3 Playwright Team                                                      ║
    ╚═════════════════════════════════════════════════════════════════════════╝
]]>
</failure>
</testcase>
<testcase name="Network Conditions › should handle offline mode gracefully" classname="compatibility.spec.ts" time="0.008">
<failure message="compatibility.spec.ts:138:7 should handle offline mode gracefully" type="FAILURE">
<![CDATA[  [firefox] › compatibility.spec.ts:138:7 › Network Conditions › should handle offline mode gracefully 

    Error: browserType.launch: Executable doesn't exist at C:\Users\Simon\AppData\Local\ms-playwright\firefox-1509\firefox\firefox.exe
    ╔═════════════════════════════════════════════════════════════════════════╗
    ║ Looks like Playwright Test or Playwright was just installed or updated. ║
    ║ Please run the following command to download new browsers:              ║
    ║                                                                         ║
    ║     npx playwright install                                              ║
    ║                                                                         ║
    ║ <3 Playwright Team                                                      ║
    ╚═════════════════════════════════════════════════════════════════════════╝
]]>
</failure>
</testcase>
</testsuite>
<testsuite name="game-initialization.spec.ts" timestamp="2026-02-08T18:58:22.545Z" hostname="firefox" tests="12" failures="12" skipped="0" time="0.11" errors="0">
<testcase name="Game Initialization › should load the application" classname="game-initialization.spec.ts" time="0.014">
<failure message="game-initialization.spec.ts:8:7 should load the application" type="FAILURE">
<![CDATA[  [firefox] › game-initialization.spec.ts:8:7 › Game Initialization › should load the application ──

    Error: browserType.launch: Executable doesn't exist at C:\Users\Simon\AppData\Local\ms-playwright\firefox-1509\firefox\firefox.exe
    ╔═════════════════════════════════════════════════════════════════════════╗
    ║ Looks like Playwright Test or Playwright was just installed or updated. ║
    ║ Please run the following command to download new browsers:              ║
    ║                                                                         ║
    ║     npx playwright install                                              ║
    ║                                                                         ║
    ║ <3 Playwright Team                                                      ║
    ╚═════════════════════════════════════════════════════════════════════════╝
]]>
</failure>
</testcase>
<testcase name="Game Initialization › should display start screen with difficulty slider" classname="game-initialization.spec.ts" time="0.01">
<failure message="game-initialization.spec.ts:12:7 should display start screen with difficulty slider" type="FAILURE">
<![CDATA[  [firefox] › game-initialization.spec.ts:12:7 › Game Initialization › should display start screen with difficulty slider 

    Error: browserType.launch: Executable doesn't exist at C:\Users\Simon\AppData\Local\ms-playwright\firefox-1509\firefox\firefox.exe
    ╔═════════════════════════════════════════════════════════════════════════╗
    ║ Looks like Playwright Test or Playwright was just installed or updated. ║
    ║ Please run the following command to download new browsers:              ║
    ║                                                                         ║
    ║     npx playwright install                                              ║
    ║                                                                         ║
    ║ <3 Playwright Team                                                      ║
    ╚═════════════════════════════════════════════════════════════════════════╝
]]>
</failure>
</testcase>
<testcase name="Game Initialization › should display audio URL input" classname="game-initialization.spec.ts" time="0.01">
<failure message="game-initialization.spec.ts:20:7 should display audio URL input" type="FAILURE">
<![CDATA[  [firefox] › game-initialization.spec.ts:20:7 › Game Initialization › should display audio URL input 

    Error: browserType.launch: Executable doesn't exist at C:\Users\Simon\AppData\Local\ms-playwright\firefox-1509\firefox\firefox.exe
    ╔═════════════════════════════════════════════════════════════════════════╗
    ║ Looks like Playwright Test or Playwright was just installed or updated. ║
    ║ Please run the following command to download new browsers:              ║
    ║                                                                         ║
    ║     npx playwright install                                              ║
    ║                                                                         ║
    ║ <3 Playwright Team                                                      ║
    ╚═════════════════════════════════════════════════════════════════════════╝
]]>
</failure>
</testcase>
<testcase name="Game Initialization › should have Start Game button" classname="game-initialization.spec.ts" time="0.012">
<failure message="game-initialization.spec.ts:25:7 should have Start Game button" type="FAILURE">
<![CDATA[  [firefox] › game-initialization.spec.ts:25:7 › Game Initialization › should have Start Game button 

    Error: browserType.launch: Executable doesn't exist at C:\Users\Simon\AppData\Local\ms-playwright\firefox-1509\firefox\firefox.exe
    ╔═════════════════════════════════════════════════════════════════════════╗
    ║ Looks like Playwright Test or Playwright was just installed or updated. ║
    ║ Please run the following command to download new browsers:              ║
    ║                                                                         ║
    ║     npx playwright install                                              ║
    ║                                                                         ║
    ║ <3 Playwright Team                                                      ║
    ╚═════════════════════════════════════════════════════════════════════════╝
]]>
</failure>
</testcase>
<testcase name="Game Start and UI › should start game on Andi difficulty" classname="game-initialization.spec.ts" time="0.008">
<failure message="game-initialization.spec.ts:35:7 should start game on Andi difficulty" type="FAILURE">
<![CDATA[  [firefox] › game-initialization.spec.ts:35:7 › Game Start and UI › should start game on Andi difficulty 

    Error: browserType.launch: Executable doesn't exist at C:\Users\Simon\AppData\Local\ms-playwright\firefox-1509\firefox\firefox.exe
    ╔═════════════════════════════════════════════════════════════════════════╗
    ║ Looks like Playwright Test or Playwright was just installed or updated. ║
    ║ Please run the following command to download new browsers:              ║
    ║                                                                         ║
    ║     npx playwright install                                              ║
    ║                                                                         ║
    ║ <3 Playwright Team                                                      ║
    ╚═════════════════════════════════════════════════════════════════════════╝
]]>
</failure>
</testcase>
<testcase name="Game Start and UI › should start game on Schuh difficulty" classname="game-initialization.spec.ts" time="0.008">
<failure message="game-initialization.spec.ts:43:7 should start game on Schuh difficulty" type="FAILURE">
<![CDATA[  [firefox] › game-initialization.spec.ts:43:7 › Game Start and UI › should start game on Schuh difficulty 

    Error: browserType.launch: Executable doesn't exist at C:\Users\Simon\AppData\Local\ms-playwright\firefox-1509\firefox\firefox.exe
    ╔═════════════════════════════════════════════════════════════════════════╗
    ║ Looks like Playwright Test or Playwright was just installed or updated. ║
    ║ Please run the following command to download new browsers:              ║
    ║                                                                         ║
    ║     npx playwright install                                              ║
    ║                                                                         ║
    ║ <3 Playwright Team                                                      ║
    ╚═════════════════════════════════════════════════════════════════════════╝
]]>
</failure>
</testcase>
<testcase name="Game Start and UI › should start game on Mexxx difficulty" classname="game-initialization.spec.ts" time="0.01">
<failure message="game-initialization.spec.ts:48:7 should start game on Mexxx difficulty" type="FAILURE">
<![CDATA[  [firefox] › game-initialization.spec.ts:48:7 › Game Start and UI › should start game on Mexxx difficulty 

    Error: browserType.launch: Executable doesn't exist at C:\Users\Simon\AppData\Local\ms-playwright\firefox-1509\firefox\firefox.exe
    ╔═════════════════════════════════════════════════════════════════════════╗
    ║ Looks like Playwright Test or Playwright was just installed or updated. ║
    ║ Please run the following command to download new browsers:              ║
    ║                                                                         ║
    ║     npx playwright install                                              ║
    ║                                                                         ║
    ║ <3 Playwright Team                                                      ║
    ╚═════════════════════════════════════════════════════════════════════════╝
]]>
</failure>
</testcase>
<testcase name="Game Start and UI › should display initial score of $0" classname="game-initialization.spec.ts" time="0.007">
<failure message="game-initialization.spec.ts:53:7 should display initial score of $0" type="FAILURE">
<![CDATA[  [firefox] › game-initialization.spec.ts:53:7 › Game Start and UI › should display initial score of $0 

    Error: browserType.launch: Executable doesn't exist at C:\Users\Simon\AppData\Local\ms-playwright\firefox-1509\firefox\firefox.exe
    ╔═════════════════════════════════════════════════════════════════════════╗
    ║ Looks like Playwright Test or Playwright was just installed or updated. ║
    ║ Please run the following command to download new browsers:              ║
    ║                                                                         ║
    ║     npx playwright install                                              ║
    ║                                                                         ║
    ║ <3 Playwright Team                                                      ║
    ╚═════════════════════════════════════════════════════════════════════════╝
]]>
</failure>
</testcase>
<testcase name="Game Start and UI › should display timer at 90 seconds" classname="game-initialization.spec.ts" time="0.009">
<failure message="game-initialization.spec.ts:59:7 should display timer at 90 seconds" type="FAILURE">
<![CDATA[  [firefox] › game-initialization.spec.ts:59:7 › Game Start and UI › should display timer at 90 seconds 

    Error: browserType.launch: Executable doesn't exist at C:\Users\Simon\AppData\Local\ms-playwright\firefox-1509\firefox\firefox.exe
    ╔═════════════════════════════════════════════════════════════════════════╗
    ║ Looks like Playwright Test or Playwright was just installed or updated. ║
    ║ Please run the following command to download new browsers:              ║
    ║                                                                         ║
    ║     npx playwright install                                              ║
    ║                                                                         ║
    ║ <3 Playwright Team                                                      ║
    ╚═════════════════════════════════════════════════════════════════════════╝
]]>
</failure>
</testcase>
<testcase name="Game Start and UI › should render canvas with appropriate dimensions" classname="game-initialization.spec.ts" time="0.007">
<failure message="game-initialization.spec.ts:66:7 should render canvas with appropriate dimensions" type="FAILURE">
<![CDATA[  [firefox] › game-initialization.spec.ts:66:7 › Game Start and UI › should render canvas with appropriate dimensions 

    Error: browserType.launch: Executable doesn't exist at C:\Users\Simon\AppData\Local\ms-playwright\firefox-1509\firefox\firefox.exe
    ╔═════════════════════════════════════════════════════════════════════════╗
    ║ Looks like Playwright Test or Playwright was just installed or updated. ║
    ║ Please run the following command to download new browsers:              ║
    ║                                                                         ║
    ║     npx playwright install                                              ║
    ║                                                                         ║
    ║ <3 Playwright Team                                                      ║
    ╚═════════════════════════════════════════════════════════════════════════╝
]]>
</failure>
</testcase>
<testcase name="Difficulty Persistence › should remember selected difficulty after reload" classname="game-initialization.spec.ts" time="0.007">
<failure message="game-initialization.spec.ts:75:7 should remember selected difficulty after reload" type="FAILURE">
<![CDATA[  [firefox] › game-initialization.spec.ts:75:7 › Difficulty Persistence › should remember selected difficulty after reload 

    Error: browserType.launch: Executable doesn't exist at C:\Users\Simon\AppData\Local\ms-playwright\firefox-1509\firefox\firefox.exe
    ╔═════════════════════════════════════════════════════════════════════════╗
    ║ Looks like Playwright Test or Playwright was just installed or updated. ║
    ║ Please run the following command to download new browsers:              ║
    ║                                                                         ║
    ║     npx playwright install                                              ║
    ║                                                                         ║
    ║ <3 Playwright Team                                                      ║
    ╚═════════════════════════════════════════════════════════════════════════╝
]]>
</failure>
</testcase>
[...]
    ║ <3 Playwright Team                                                      ║
    ╚═════════════════════════════════════════════════════════════════════════╝
]]>
</failure>
</testcase>
<testcase name="Gameplay Mechanics › should handle rapid clicking without crashing" classname="gameplay.spec.ts" time="0.008">
<failure message="gameplay.spec.ts:74:7 should handle rapid clicking without crashing" type="FAILURE">
<![CDATA[  [mobile-safari] › gameplay.spec.ts:74:7 › Gameplay Mechanics › should handle rapid clicking without crashing 

    Error: browserType.launch: Executable doesn't exist at C:\Users\Simon\AppData\Local\ms-playwright\webkit-2248\Playwright.exe
    ╔═════════════════════════════════════════════════════════════════════════╗
    ║ Looks like Playwright Test or Playwright was just installed or updated. ║
    ║ Please run the following command to download new browsers:              ║
    ║                                                                         ║
    ║     npx playwright install                                              ║
    ║                                                                         ║
    ║ <3 Playwright Team                                                      ║
    ╚═════════════════════════════════════════════════════════════════════════╝
]]>
</failure>
</testcase>
<testcase name="Difficulty-Specific Mechanics › Andi difficulty should spawn bikini girls" classname="gameplay.spec.ts" time="0.01">
<failure message="gameplay.spec.ts:97:7 Andi difficulty should spawn bikini girls" type="FAILURE">
<![CDATA[  [mobile-safari] › gameplay.spec.ts:97:7 › Difficulty-Specific Mechanics › Andi difficulty should spawn bikini girls 

    Error: browserType.launch: Executable doesn't exist at C:\Users\Simon\AppData\Local\ms-playwright\webkit-2248\Playwright.exe
    ╔═════════════════════════════════════════════════════════════════════════╗
    ║ Looks like Playwright Test or Playwright was just installed or updated. ║
    ║ Please run the following command to download new browsers:              ║
    ║                                                                         ║
    ║     npx playwright install                                              ║
    ║                                                                         ║
    ║ <3 Playwright Team                                                      ║
    ╚═════════════════════════════════════════════════════════════════════════╝
]]>
</failure>
</testcase>
<testcase name="Difficulty-Specific Mechanics › Schuh difficulty should have faster gameplay" classname="gameplay.spec.ts" time="0.009">
<failure message="gameplay.spec.ts:107:7 Schuh difficulty should have faster gameplay" type="FAILURE">
<![CDATA[  [mobile-safari] › gameplay.spec.ts:107:7 › Difficulty-Specific Mechanics › Schuh difficulty should have faster gameplay 

    Error: browserType.launch: Executable doesn't exist at C:\Users\Simon\AppData\Local\ms-playwright\webkit-2248\Playwright.exe
    ╔═════════════════════════════════════════════════════════════════════════╗
    ║ Looks like Playwright Test or Playwright was just installed or updated. ║
    ║ Please run the following command to download new browsers:              ║
    ║                                                                         ║
    ║     npx playwright install                                              ║
    ║                                                                         ║
    ║ <3 Playwright Team                                                      ║
    ╚═════════════════════════════════════════════════════════════════════════╝
]]>
</failure>
</testcase>
<testcase name="Difficulty-Specific Mechanics › Mexxx difficulty should have rapid object spawning" classname="gameplay.spec.ts" time="0.009">
<failure message="gameplay.spec.ts:118:7 Mexxx difficulty should have rapid object spawning" type="FAILURE">
<![CDATA[  [mobile-safari] › gameplay.spec.ts:118:7 › Difficulty-Specific Mechanics › Mexxx difficulty should have rapid object spawning 

    Error: browserType.launch: Executable doesn't exist at C:\Users\Simon\AppData\Local\ms-playwright\webkit-2248\Playwright.exe
    ╔═════════════════════════════════════════════════════════════════════════╗
    ║ Looks like Playwright Test or Playwright was just installed or updated. ║
    ║ Please run the following command to download new browsers:              ║
    ║                                                                         ║
    ║     npx playwright install                                              ║
    ║                                                                         ║
    ║ <3 Playwright Team                                                      ║
    ╚═════════════════════════════════════════════════════════════════════════╝
]]>
</failure>
</testcase>
<testcase name="Special Objects › should track special turkey catches" classname="gameplay.spec.ts" time="0.009">
<failure message="gameplay.spec.ts:134:7 should track special turkey catches" type="FAILURE">
<![CDATA[  [mobile-safari] › gameplay.spec.ts:134:7 › Special Objects › should track special turkey catches ─

    Error: browserType.launch: Executable doesn't exist at C:\Users\Simon\AppData\Local\ms-playwright\webkit-2248\Playwright.exe
    ╔═════════════════════════════════════════════════════════════════════════╗
    ║ Looks like Playwright Test or Playwright was just installed or updated. ║
    ║ Please run the following command to download new browsers:              ║
    ║                                                                         ║
    ║     npx playwright install                                              ║
    ║                                                                         ║
    ║ <3 Playwright Team                                                      ║
    ╚═════════════════════════════════════════════════════════════════════════╝
]]>
</failure>
</testcase>
<testcase name="Special Objects › should complete special turkey collection" classname="gameplay.spec.ts" time="0.01">
<failure message="gameplay.spec.ts:148:7 should complete special turkey collection" type="FAILURE">
<![CDATA[  [mobile-safari] › gameplay.spec.ts:148:7 › Special Objects › should complete special turkey collection 

    Error: browserType.launch: Executable doesn't exist at C:\Users\Simon\AppData\Local\ms-playwright\webkit-2248\Playwright.exe
    ╔═════════════════════════════════════════════════════════════════════════╗
    ║ Looks like Playwright Test or Playwright was just installed or updated. ║
    ║ Please run the following command to download new browsers:              ║
    ║                                                                         ║
    ║     npx playwright install                                              ║
    ║                                                                         ║
    ║ <3 Playwright Team                                                      ║
    ╚═════════════════════════════════════════════════════════════════════════╝
]]>
</failure>
</testcase>
</testsuite>
<testsuite name="performance.spec.ts" timestamp="2026-02-08T18:58:22.545Z" hostname="mobile-safari" tests="11" failures="11" skipped="0" time="0.121" errors="0">
<testcase name="Performance Benchmarks › should maintain stable FPS during gameplay" classname="performance.spec.ts" time="0.011">
<failure message="performance.spec.ts:8:7 should maintain stable FPS during gameplay" type="FAILURE">
<![CDATA[  [mobile-safari] › performance.spec.ts:8:7 › Performance Benchmarks › should maintain stable FPS during gameplay 

    Error: browserType.launch: Executable doesn't exist at C:\Users\Simon\AppData\Local\ms-playwright\webkit-2248\Playwright.exe
    ╔═════════════════════════════════════════════════════════════════════════╗
    ║ Looks like Playwright Test or Playwright was just installed or updated. ║
    ║ Please run the following command to download new browsers:              ║
    ║                                                                         ║
    ║     npx playwright install                                              ║
    ║                                                                         ║
    ║ <3 Playwright Team                                                      ║
    ╚═════════════════════════════════════════════════════════════════════════╝
]]>
</failure>
</testcase>
<testcase name="Performance Benchmarks › should handle high object count on Mexxx difficulty" classname="performance.spec.ts" time="0.011">
<failure message="performance.spec.ts:27:7 should handle high object count on Mexxx difficulty" type="FAILURE">
<![CDATA[  [mobile-safari] › performance.spec.ts:27:7 › Performance Benchmarks › should handle high object count on Mexxx difficulty 

    Error: browserType.launch: Executable doesn't exist at C:\Users\Simon\AppData\Local\ms-playwright\webkit-2248\Playwright.exe
    ╔═════════════════════════════════════════════════════════════════════════╗
    ║ Looks like Playwright Test or Playwright was just installed or updated. ║
    ║ Please run the following command to download new browsers:              ║
    ║                                                                         ║
    ║     npx playwright install                                              ║
    ║                                                                         ║
    ║ <3 Playwright Team                                                      ║
    ╚═════════════════════════════════════════════════════════════════════════╝
]]>
</failure>
</testcase>
<testcase name="Performance Benchmarks › should not have memory leaks during extended play" classname="performance.spec.ts" time="0.013">
<failure message="performance.spec.ts:43:7 should not have memory leaks during extended play" type="FAILURE">
<![CDATA[  [mobile-safari] › performance.spec.ts:43:7 › Performance Benchmarks › should not have memory leaks during extended play 

    Error: browserType.launch: Executable doesn't exist at C:\Users\Simon\AppData\Local\ms-playwright\webkit-2248\Playwright.exe
    ╔═════════════════════════════════════════════════════════════════════════╗
    ║ Looks like Playwright Test or Playwright was just installed or updated. ║
    ║ Please run the following command to download new browsers:              ║
    ║                                                                         ║
    ║     npx playwright install                                              ║
    ║                                                                         ║
    ║ <3 Playwright Team                                                      ║
    ╚═════════════════════════════════════════════════════════════════════════╝
]]>
</failure>
</testcase>
<testcase name="Performance Benchmarks › should load quickly on initial page load" classname="performance.spec.ts" time="0.009">
<failure message="performance.spec.ts:58:7 should load quickly on initial page load" type="FAILURE">
<![CDATA[  [mobile-safari] › performance.spec.ts:58:7 › Performance Benchmarks › should load quickly on initial page load 

    Error: browserType.launch: Executable doesn't exist at C:\Users\Simon\AppData\Local\ms-playwright\webkit-2248\Playwright.exe
    ╔═════════════════════════════════════════════════════════════════════════╗
    ║ Looks like Playwright Test or Playwright was just installed or updated. ║
    ║ Please run the following command to download new browsers:              ║
    ║                                                                         ║
    ║     npx playwright install                                              ║
    ║                                                                         ║
    ║ <3 Playwright Team                                                      ║
    ╚═════════════════════════════════════════════════════════════════════════╝
]]>
</failure>
</testcase>
<testcase name="Performance Benchmarks › should render canvas without visible lag" classname="performance.spec.ts" time="0.009">
<failure message="performance.spec.ts:68:7 should render canvas without visible lag" type="FAILURE">
<![CDATA[  [mobile-safari] › performance.spec.ts:68:7 › Performance Benchmarks › should render canvas without visible lag 

    Error: browserType.launch: Executable doesn't exist at C:\Users\Simon\AppData\Local\ms-playwright\webkit-2248\Playwright.exe
    ╔═════════════════════════════════════════════════════════════════════════╗
    ║ Looks like Playwright Test or Playwright was just installed or updated. ║
    ║ Please run the following command to download new browsers:              ║
    ║                                                                         ║
    ║     npx playwright install                                              ║
    ║                                                                         ║
    ║ <3 Playwright Team                                                      ║
    ╚═════════════════════════════════════════════════════════════════════════╝
]]>
</failure>
</testcase>
<testcase name="Resource Management › should properly cleanup on game restart" classname="performance.spec.ts" time="0.009">
<failure message="performance.spec.ts:90:7 should properly cleanup on game restart" type="FAILURE">
<![CDATA[  [mobile-safari] › performance.spec.ts:90:7 › Resource Management › should properly cleanup on game restart 

    Error: browserType.launch: Executable doesn't exist at C:\Users\Simon\AppData\Local\ms-playwright\webkit-2248\Playwright.exe
    ╔═════════════════════════════════════════════════════════════════════════╗
    ║ Looks like Playwright Test or Playwright was just installed or updated. ║
    ║ Please run the following command to download new browsers:              ║
    ║                                                                         ║
    ║     npx playwright install                                              ║
    ║                                                                         ║
    ║ <3 Playwright Team                                                      ║
    ╚═════════════════════════════════════════════════════════════════════════╝
]]>
</failure>
</testcase>
<testcase name="Resource Management › should handle rapid difficulty changes" classname="performance.spec.ts" time="0.007">
<failure message="performance.spec.ts:100:7 should handle rapid difficulty changes" type="FAILURE">
<![CDATA[  [mobile-safari] › performance.spec.ts:100:7 › Resource Management › should handle rapid difficulty changes 

    Error: browserType.launch: Executable doesn't exist at C:\Users\Simon\AppData\Local\ms-playwright\webkit-2248\Playwright.exe
    ╔═════════════════════════════════════════════════════════════════════════╗
    ║ Looks like Playwright Test or Playwright was just installed or updated. ║
    ║ Please run the following command to download new browsers:              ║
    ║                                                                         ║
    ║     npx playwright install                                              ║
    ║                                                                         ║
    ║ <3 Playwright Team                                                      ║
    ╚═════════════════════════════════════════════════════════════════════════╝
]]>
</failure>
</testcase>
<testcase name="Resource Management › should handle page visibility changes" classname="performance.spec.ts" time="0.01">
<failure message="performance.spec.ts:112:7 should handle page visibility changes" type="FAILURE">
<![CDATA[  [mobile-safari] › performance.spec.ts:112:7 › Resource Management › should handle page visibility changes 

    Error: browserType.launch: Executable doesn't exist at C:\Users\Simon\AppData\Local\ms-playwright\webkit-2248\Playwright.exe
    ╔═════════════════════════════════════════════════════════════════════════╗
    ║ Looks like Playwright Test or Playwright was just installed or updated. ║
    ║ Please run the following command to download new browsers:              ║
    ║                                                                         ║
    ║     npx playwright install                                              ║
    ║                                                                         ║
    ║ <3 Playwright Team                                                      ║
    ╚═════════════════════════════════════════════════════════════════════════╝
]]>
</failure>
</testcase>
<testcase name="Stress Testing › should handle continuous gameplay session" classname="performance.spec.ts" time="0.017">
<failure message="performance.spec.ts:133:7 should handle continuous gameplay session" type="FAILURE">
<![CDATA[  [mobile-safari] › performance.spec.ts:133:7 › Stress Testing › should handle continuous gameplay session 

    Error: browserType.launch: Executable doesn't exist at C:\Users\Simon\AppData\Local\ms-playwright\webkit-2248\Playwright.exe
    ╔═════════════════════════════════════════════════════════════════════════╗
    ║ Looks like Playwright Test or Playwright was just installed or updated. ║
    ║ Please run the following command to download new browsers:              ║
    ║                                                                         ║
    ║     npx playwright install                                              ║
    ║                                                                         ║
    ║ <3 Playwright Team                                                      ║
    ╚═════════════════════════════════════════════════════════════════════════╝
]]>
</failure>
</testcase>
<testcase name="Stress Testing › should handle edge case: clicking outside canvas" classname="performance.spec.ts" time="0.01">
<failure message="performance.spec.ts:150:7 should handle edge case: clicking outside canvas" type="FAILURE">
<![CDATA[  [mobile-safari] › performance.spec.ts:150:7 › Stress Testing › should handle edge case: clicking outside canvas 

    Error: browserType.launch: Executable doesn't exist at C:\Users\Simon\AppData\Local\ms-playwright\webkit-2248\Playwright.exe
    ╔═════════════════════════════════════════════════════════════════════════╗
    ║ Looks like Playwright Test or Playwright was just installed or updated. ║
    ║ Please run the following command to download new browsers:              ║
    ║                                                                         ║
    ║     npx playwright install                                              ║
    ║                                                                         ║
    ║ <3 Playwright Team                                                      ║
    ╚═════════════════════════════════════════════════════════════════════════╝
]]>
</failure>
</testcase>
<testcase name="Stress Testing › should handle browser resize during gameplay" classname="performance.spec.ts" time="0.015">
<failure message="performance.spec.ts:161:7 should handle browser resize during gameplay" type="FAILURE">
<![CDATA[  [mobile-safari] › performance.spec.ts:161:7 › Stress Testing › should handle browser resize during gameplay 

    Error: browserType.launch: Executable doesn't exist at C:\Users\Simon\AppData\Local\ms-playwright\webkit-2248\Playwright.exe
    ╔═════════════════════════════════════════════════════════════════════════╗
    ║ Looks like Playwright Test or Playwright was just installed or updated. ║
    ║ Please run the following command to download new browsers:              ║
    ║                                                                         ║
    ║     npx playwright install                                              ║
    ║                                                                         ║
    ║ <3 Playwright Team                                                      ║
    ╚═════════════════════════════════════════════════════════════════════════╝
]]>
</failure>
</testcase>
</testsuite>
</testsuites>