<testsuites id="" name="" tests="360" failures="275" skipped="0" errors="0" time="1398.244553">
<testsuite name="accessibility.spec.ts" timestamp="2026-02-08T09:22:47.501Z" hostname="chromium" tests="15" failures="3" skipped="0" time="72.34" errors="0">
<testcase name="Accessibility Tests › should have proper page title" classname="accessibility.spec.ts" time="25.363">
<failure message="accessibility.spec.ts:8:7 should have proper page title" type="FAILURE">
<![CDATA[  [chromium] › accessibility.spec.ts:8:7 › Accessibility Tests › should have proper page title ─────

    Error: expect(page).toHaveTitle(expected) failed

    Expected pattern: /Trutti Hunt/
    Received string:  "TruttiHunt"
    Timeout: 5000ms

    Call log:
      - Expect "toHaveTitle" with timeout 5000ms
        8 × unexpected value "TruttiHunt"


       7 |
       8 |   test('should have proper page title', async ({ page }) => {
    >  9 |     await expect(page).toHaveTitle(/Trutti Hunt/);
         |                        ^
      10 |   });
      11 |
      12 |   test('should have focusable interactive elements', async ({ page }) => {
        at C:\dev\git\truttijagd\trutti-hunt\e2e\accessibility.spec.ts:9:24

    attachment #1: screenshot (image/png) ──────────────────────────────────────────────────────────
    ..\test-results\accessibility-Accessibilit-bd484-ould-have-proper-page-title-chromium\test-failed-1.png
    ────────────────────────────────────────────────────────────────────────────────────────────────

    attachment #2: video (video/webm) ──────────────────────────────────────────────────────────────
    ..\test-results\accessibility-Accessibilit-bd484-ould-have-proper-page-title-chromium\video.webm
    ────────────────────────────────────────────────────────────────────────────────────────────────

    Error Context: ..\test-results\accessibility-Accessibilit-bd484-ould-have-proper-page-title-chromium\error-context.md
]]>
</failure>
<system-out>
<![CDATA[
[[ATTACHMENT|..\test-results\accessibility-Accessibilit-bd484-ould-have-proper-page-title-chromium\test-failed-1.png]]

[[ATTACHMENT|..\test-results\accessibility-Accessibilit-bd484-ould-have-proper-page-title-chromium\video.webm]]

[[ATTACHMENT|..\test-results\accessibility-Accessibilit-bd484-ould-have-proper-page-title-chromium\error-context.md]]
]]>
</system-out>
</testcase>
<testcase name="Accessibility Tests › should have focusable interactive elements" classname="accessibility.spec.ts" time="23.138">
</testcase>
<testcase name="Accessibility Tests › should have keyboard navigable difficulty selection" classname="accessibility.spec.ts" time="1.765">
</testcase>
<testcase name="Accessibility Tests › should support keyboard activation of buttons" classname="accessibility.spec.ts" time="1.809">
</testcase>
<testcase name="Accessibility Tests › should have adequate color contrast" classname="accessibility.spec.ts" time="1.671">
</testcase>
<testcase name="Accessibility Tests › should have semantic HTML structure" classname="accessibility.spec.ts" time="1.655">
</testcase>
<testcase name="Accessibility Tests › should handle high contrast mode" classname="accessibility.spec.ts" time="1.558">
</testcase>
<testcase name="Accessibility Tests › should have visible focus indicators" classname="accessibility.spec.ts" time="1.442">
</testcase>
<testcase name="Screen Reader Support › should have descriptive button text" classname="accessibility.spec.ts" time="1.646">
</testcase>
<testcase name="Screen Reader Support › should have labeled form controls" classname="accessibility.spec.ts" time="1.898">
</testcase>
<testcase name="Screen Reader Support › should have meaningful difficulty labels" classname="accessibility.spec.ts" time="2.88">
<failure message="accessibility.spec.ts:97:7 should have meaningful difficulty labels" type="FAILURE">
<![CDATA[  [chromium] › accessibility.spec.ts:97:7 › Screen Reader Support › should have meaningful difficulty labels 

    Error: expect(received).toBeGreaterThan(expected)

    Expected: > 0
    Received:   0

       99 |     for (const diff of difficulties) {
      100 |       const label = page.locator(`.difficulty-marker:has-text("${diff}"), .current-difficulty:has-text("${diff}")`).first();
    > 101 |       expect(await label.count()).toBeGreaterThan(0);
          |                                   ^
      102 |     }
      103 |   });
      104 |
        at C:\dev\git\truttijagd\trutti-hunt\e2e\accessibility.spec.ts:101:35

    attachment #1: screenshot (image/png) ──────────────────────────────────────────────────────────
    ..\test-results\accessibility-Screen-Reade-f4ee0-eaningful-difficulty-labels-chromium\test-failed-1.png
    ────────────────────────────────────────────────────────────────────────────────────────────────

    attachment #2: video (video/webm) ──────────────────────────────────────────────────────────────
    ..\test-results\accessibility-Screen-Reade-f4ee0-eaningful-difficulty-labels-chromium\video.webm
    ────────────────────────────────────────────────────────────────────────────────────────────────

    Error Context: ..\test-results\accessibility-Screen-Reade-f4ee0-eaningful-difficulty-labels-chromium\error-context.md
]]>
</failure>
<system-out>
<![CDATA[
[[ATTACHMENT|..\test-results\accessibility-Screen-Reade-f4ee0-eaningful-difficulty-labels-chromium\test-failed-1.png]]

[[ATTACHMENT|..\test-results\accessibility-Screen-Reade-f4ee0-eaningful-difficulty-labels-chromium\video.webm]]

[[ATTACHMENT|..\test-results\accessibility-Screen-Reade-f4ee0-eaningful-difficulty-labels-chromium\error-context.md]]
]]>
</system-out>
</testcase>
<testcase name="Screen Reader Support › should announce game state changes" classname="accessibility.spec.ts" time="2.578">
</testcase>
<testcase name="Screen Reader Support › should have descriptive score display" classname="accessibility.spec.ts" time="1.958">
</testcase>
<testcase name="Responsive Touch Support › should have touch-friendly button sizes" classname="accessibility.spec.ts" time="1.654">
</testcase>
<testcase name="Responsive Touch Support › should respond to tap events" classname="accessibility.spec.ts" time="1.325">
<failure message="accessibility.spec.ts:141:7 should respond to tap events" type="FAILURE">
<![CDATA[  [chromium] › accessibility.spec.ts:141:7 › Responsive Touch Support › should respond to tap events 

    Error: locator.tap: The page does not support tap. Use hasTouch context option to enable touch support.

      141 |   test('should respond to tap events', async ({ page }) => {
      142 |     const startButton = page.locator('button:has-text("Start Game")');
    > 143 |     await startButton.tap();
          |                       ^
      144 |     
      145 |     await page.waitForTimeout(500);
      146 |     await expect(page.locator('canvas')).toBeVisible();
        at C:\dev\git\truttijagd\trutti-hunt\e2e\accessibility.spec.ts:143:23

    attachment #1: screenshot (image/png) ──────────────────────────────────────────────────────────
    ..\test-results\accessibility-Responsive-T-bdc48-hould-respond-to-tap-events-chromium\test-failed-1.png
    ────────────────────────────────────────────────────────────────────────────────────────────────

    attachment #2: video (video/webm) ──────────────────────────────────────────────────────────────
    ..\test-results\accessibility-Responsive-T-bdc48-hould-respond-to-tap-events-chromium\video.webm
    ────────────────────────────────────────────────────────────────────────────────────────────────

    Error Context: ..\test-results\accessibility-Responsive-T-bdc48-hould-respond-to-tap-events-chromium\error-context.md
]]>
</failure>
<system-out>
<![CDATA[
[[ATTACHMENT|..\test-results\accessibility-Responsive-T-bdc48-hould-respond-to-tap-events-chromium\test-failed-1.png]]

[[ATTACHMENT|..\test-results\accessibility-Responsive-T-bdc48-hould-respond-to-tap-events-chromium\video.webm]]

[[ATTACHMENT|..\test-results\accessibility-Responsive-T-bdc48-hould-respond-to-tap-events-chromium\error-context.md]]
]]>
</system-out>
</testcase>
</testsuite>
<testsuite name="compatibility.spec.ts" timestamp="2026-02-08T09:22:47.501Z" hostname="chromium" tests="15" failures="3" skipped="0" time="49.617" errors="0">
<testcase name="Cross-Browser Compatibility › should render correctly in all browsers" classname="compatibility.spec.ts" time="1.798">
<system-out>
<![CDATA[Testing on: chromium
]]>
</system-out>
</testcase>
<testcase name="Cross-Browser Compatibility › should handle canvas rendering across browsers" classname="compatibility.spec.ts" time="2.909">
</testcase>
<testcase name="Cross-Browser Compatibility › should maintain consistent layout" classname="compatibility.spec.ts" time="3.208">
</testcase>
<testcase name="Cross-Browser Compatibility › should handle audio file selection" classname="compatibility.spec.ts" time="7.16">
<failure message="compatibility.spec.ts:36:7 should handle audio file selection" type="FAILURE">
<![CDATA[  [chromium] › compatibility.spec.ts:36:7 › Cross-Browser Compatibility › should handle audio file selection 

    Error: expect(locator).toBeVisible() failed

    Locator: locator('input[type="file"]')
    Expected: visible
    Timeout: 5000ms
    Error: element(s) not found

    Call log:
      - Expect "toBeVisible" with timeout 5000ms
      - waiting for locator('input[type="file"]')


      36 |   test('should handle audio file selection', async ({ page }) => {
      37 |     const fileInput = page.locator('input[type="file"]');
    > 38 |     await expect(fileInput).toBeVisible();
         |                             ^
      39 |   });
      40 | });
      41 |
        at C:\dev\git\truttijagd\trutti-hunt\e2e\compatibility.spec.ts:38:29

    attachment #1: screenshot (image/png) ──────────────────────────────────────────────────────────
    ..\test-results\compatibility-Cross-Browse-e04d6-handle-audio-file-selection-chromium\test-failed-1.png
    ────────────────────────────────────────────────────────────────────────────────────────────────

    attachment #2: video (video/webm) ──────────────────────────────────────────────────────────────
    ..\test-results\compatibility-Cross-Browse-e04d6-handle-audio-file-selection-chromium\video.webm
    ────────────────────────────────────────────────────────────────────────────────────────────────

    Error Context: ..\test-results\compatibility-Cross-Browse-e04d6-handle-audio-file-selection-chromium\error-context.md
]]>
</failure>
<system-out>
<![CDATA[
[[ATTACHMENT|..\test-results\compatibility-Cross-Browse-e04d6-handle-audio-file-selection-chromium\test-failed-1.png]]

[[ATTACHMENT|..\test-results\compatibility-Cross-Browse-e04d6-handle-audio-file-selection-chromium\video.webm]]

[[ATTACHMENT|..\test-results\compatibility-Cross-Browse-e04d6-handle-audio-file-selection-chromium\error-context.md]]
]]>
</system-out>
</testcase>
<testcase name="LocalStorage Compatibility › should persist difficulty selection" classname="compatibility.spec.ts" time="1.412">
<failure message="compatibility.spec.ts:47:7 should persist difficulty selection" type="FAILURE">
<![CDATA[  [chromium] › compatibility.spec.ts:47:7 › LocalStorage Compatibility › should persist difficulty selection 

    Error: expect(received).toBeTruthy()

    Received: null

      53 |     // Check localStorage
      54 |     const storage = await page.evaluate(() => localStorage.getItem('difficulty'));
    > 55 |     expect(storage).toBeTruthy();
         |                     ^
      56 |   });
      57 |
      58 |   test('should persist scoreboard data', async ({ page }) => {
        at C:\dev\git\truttijagd\trutti-hunt\e2e\compatibility.spec.ts:55:21

    attachment #1: screenshot (image/png) ──────────────────────────────────────────────────────────
    ..\test-results\compatibility-LocalStorage-54272-ersist-difficulty-selection-chromium\test-failed-1.png
    ────────────────────────────────────────────────────────────────────────────────────────────────

    attachment #2: video (video/webm) ──────────────────────────────────────────────────────────────
    ..\test-results\compatibility-LocalStorage-54272-ersist-difficulty-selection-chromium\video.webm
    ────────────────────────────────────────────────────────────────────────────────────────────────

    Error Context: ..\test-results\compatibility-LocalStorage-54272-ersist-difficulty-selection-chromium\error-context.md
]]>
</failure>
<system-out>
<![CDATA[
[[ATTACHMENT|..\test-results\compatibility-LocalStorage-54272-ersist-difficulty-selection-chromium\test-failed-1.png]]

[[ATTACHMENT|..\test-results\compatibility-LocalStorage-54272-ersist-difficulty-selection-chromium\video.webm]]

[[ATTACHMENT|..\test-results\compatibility-LocalStorage-54272-ersist-difficulty-selection-chromium\error-context.md]]
]]>
</system-out>
</testcase>
<testcase name="LocalStorage Compatibility › should persist scoreboard data" classname="compatibility.spec.ts" time="2.853">
</testcase>
<testcase name="LocalStorage Compatibility › should handle missing localStorage gracefully" classname="compatibility.spec.ts" time="9.357">
<failure message="compatibility.spec.ts:71:7 should handle missing localStorage gracefully" type="FAILURE">
<![CDATA[  [chromium] › compatibility.spec.ts:71:7 › LocalStorage Compatibility › should handle missing localStorage gracefully 

    Error: expect(locator).toBeVisible() failed

    Locator: locator('button:has-text("Start Game")')
    Expected: visible
    Timeout: 5000ms
    Error: element(s) not found

    Call log:
      - Expect "toBeVisible" with timeout 5000ms
      - waiting for locator('button:has-text("Start Game")')


      79 |     
      80 |     // App should still load
    > 81 |     await expect(page.locator('button:has-text("Start Game")')).toBeVisible();
         |                                                                 ^
      82 |   });
      83 | });
      84 |
        at C:\dev\git\truttijagd\trutti-hunt\e2e\compatibility.spec.ts:81:65

    attachment #1: screenshot (image/png) ──────────────────────────────────────────────────────────
    ..\test-results\compatibility-LocalStorage-1d89e-ing-localStorage-gracefully-chromium\test-failed-1.png
    ────────────────────────────────────────────────────────────────────────────────────────────────

    attachment #2: video (video/webm) ──────────────────────────────────────────────────────────────
    ..\test-results\compatibility-LocalStorage-1d89e-ing-localStorage-gracefully-chromium\video.webm
    ────────────────────────────────────────────────────────────────────────────────────────────────

    Error Context: ..\test-results\compatibility-LocalStorage-1d89e-ing-localStorage-gracefully-chromium\error-context.md
]]>
</failure>
<system-out>
<![CDATA[
[[ATTACHMENT|..\test-results\compatibility-LocalStorage-1d89e-ing-localStorage-gracefully-chromium\test-failed-1.png]]

[[ATTACHMENT|..\test-results\compatibility-LocalStorage-1d89e-ing-localStorage-gracefully-chromium\video.webm]]

[[ATTACHMENT|..\test-results\compatibility-LocalStorage-1d89e-ing-localStorage-gracefully-chromium\error-context.md]]
]]>
</system-out>
</testcase>
<testcase name="Responsive Design › should render correctly at Desktop HD (1920x1080)" classname="compatibility.spec.ts" time="3.639">
</testcase>
<testcase name="Responsive Design › should render correctly at Laptop (1366x768)" classname="compatibility.spec.ts" time="2.74">
</testcase>
<testcase name="Responsive Design › should render correctly at Tablet Portrait (768x1024)" classname="compatibility.spec.ts" time="2.213">
</testcase>
<testcase name="Responsive Design › should render correctly at Tablet Landscape (1024x768)" classname="compatibility.spec.ts" time="3.084">
</testcase>
<testcase name="Responsive Design › should render correctly at Mobile Portrait (375x667)" classname="compatibility.spec.ts" time="2.365">
</testcase>
<testcase name="Responsive Design › should render correctly at Mobile Landscape (667x375)" classname="compatibility.spec.ts" time="2.515">
</testcase>
<testcase name="Network Conditions › should load with slow network" classname="compatibility.spec.ts" time="2.312">
</testcase>
<testcase name="Network Conditions › should handle offline mode gracefully" classname="compatibility.spec.ts" time="2.052">
</testcase>
</testsuite>
<testsuite name="game-initialization.spec.ts" timestamp="2026-02-08T09:22:47.501Z" hostname="chromium" tests="12" failures="4" skipped="0" time="61.346" errors="0">
<testcase name="Game Initialization › should load the application" classname="game-initialization.spec.ts" time="8.897">
<failure message="game-initialization.spec.ts:8:7 should load the application" type="FAILURE">
<![CDATA[  [chromium] › game-initialization.spec.ts:8:7 › Game Initialization › should load the application ─

    Error: expect(page).toHaveTitle(expected) failed

    Expected pattern: /Trutti Hunt/
    Received string:  "TruttiHunt"
    Timeout: 5000ms

    Call log:
      - Expect "toHaveTitle" with timeout 5000ms
        8 × unexpected value "TruttiHunt"


       7 |
       8 |   test('should load the application', async ({ page }) => {
    >  9 |     await expect(page).toHaveTitle(/Trutti Hunt/);
         |                        ^
      10 |   });
      11 |
      12 |   test('should display start screen with difficulty slider', async ({ page }) => {
        at C:\dev\git\truttijagd\trutti-hunt\e2e\game-initialization.spec.ts:9:24

    attachment #1: screenshot (image/png) ──────────────────────────────────────────────────────────
    ..\test-results\game-initialization-Game-I-e02ed-should-load-the-application-chromium\test-failed-1.png
    ────────────────────────────────────────────────────────────────────────────────────────────────

    attachment #2: video (video/webm) ──────────────────────────────────────────────────────────────
    ..\test-results\game-initialization-Game-I-e02ed-should-load-the-application-chromium\video.webm
    ────────────────────────────────────────────────────────────────────────────────────────────────

    Error Context: ..\test-results\game-initialization-Game-I-e02ed-should-load-the-application-chromium\error-context.md
]]>
</failure>
<system-out>
<![CDATA[
[[ATTACHMENT|..\test-results\game-initialization-Game-I-e02ed-should-load-the-application-chromium\test-failed-1.png]]

[[ATTACHMENT|..\test-results\game-initialization-Game-I-e02ed-should-load-the-application-chromium\video.webm]]

[[ATTACHMENT|..\test-results\game-initialization-Game-I-e02ed-should-load-the-application-chromium\error-context.md]]
]]>
</system-out>
</testcase>
<testcase name="Game Initialization › should display start screen with difficulty slider" classname="game-initialization.spec.ts" time="1.35">
</testcase>
<testcase name="Game Initialization › should display audio URL input" classname="game-initialization.spec.ts" time="1.289">
</testcase>
<testcase name="Game Initialization › should have Start Game button" classname="game-initialization.spec.ts" time="1.101">
</testcase>
<testcase name="Game Start and UI › should start game on Andi difficulty" classname="game-initialization.spec.ts" time="7.212">
<failure message="game-initialization.spec.ts:35:7 should start game on Andi difficulty" type="FAILURE">
<![CDATA[  [chromium] › game-initialization.spec.ts:35:7 › Game Start and UI › should start game on Andi difficulty 

    Error: expect(locator).toBeVisible() failed

    Locator: locator('button:has-text("Pause")')
    Expected: visible
    Timeout: 5000ms
    Error: element(s) not found

    Call log:
      - Expect "toBeVisible" with timeout 5000ms
      - waiting for locator('button:has-text("Pause")')


      36 |     await gamePage.startGame('Andi');
      37 |     await expect(gamePage.page.locator('canvas')).toBeVisible();
    > 38 |     await expect(gamePage.page.locator('button:has-text("Pause")')).toBeVisible();
         |                                                                     ^
      39 |   });
      40 |
      41 |   test('should start game on Schuh difficulty', async ({ gamePage }) => {
        at C:\dev\git\truttijagd\trutti-hunt\e2e\game-initialization.spec.ts:38:69

    attachment #1: screenshot (image/png) ──────────────────────────────────────────────────────────
    ..\test-results\game-initialization-Game-S-8145b-art-game-on-Andi-difficulty-chromium\test-failed-1.png
    ────────────────────────────────────────────────────────────────────────────────────────────────

    attachment #2: video (video/webm) ──────────────────────────────────────────────────────────────
    ..\test-results\game-initialization-Game-S-8145b-art-game-on-Andi-difficulty-chromium\video.webm
    ────────────────────────────────────────────────────────────────────────────────────────────────

    Error Context: ..\test-results\game-initialization-Game-S-8145b-art-game-on-Andi-difficulty-chromium\error-context.md
]]>
</failure>
<system-out>
<![CDATA[
[[ATTACHMENT|..\test-results\game-initialization-Game-S-8145b-art-game-on-Andi-difficulty-chromium\test-failed-1.png]]

[[ATTACHMENT|..\test-results\game-initialization-Game-S-8145b-art-game-on-Andi-difficulty-chromium\video.webm]]

[[ATTACHMENT|..\test-results\game-initialization-Game-S-8145b-art-game-on-Andi-difficulty-chromium\error-context.md]]
]]>
</system-out>
</testcase>
<testcase name="Game Start and UI › should start game on Schuh difficulty" classname="game-initialization.spec.ts" time="2.234">
</testcase>
<testcase name="Game Start and UI › should start game on Mexxx difficulty" classname="game-initialization.spec.ts" time="4.643">
</testcase>
<testcase name="Game Start and UI › should display initial score of $0" classname="game-initialization.spec.ts" time="12.772">
<failure message="game-initialization.spec.ts:51:7 should display initial score of $0" type="FAILURE">
<![CDATA[  [chromium] › game-initialization.spec.ts:51:7 › Game Start and UI › should display initial score of $0 

    TimeoutError: locator.textContent: Timeout 10000ms exceeded.
    Call log:
      - waiting for locator('text=/Score:.*\\$\\d+/')


       at fixtures.ts:57

      55 |       
      56 |       async getScore() {
    > 57 |         const scoreText = await page.locator('text=/Score:.*\\$\\d+/').textContent();
         |                                                                        ^
      58 |         const match = scoreText?.match(/\$(\d+)/);
      59 |         return match ? parseInt(match[1], 10) : 0;
      60 |       },
        at Object.getScore (C:\dev\git\truttijagd\trutti-hunt\e2e\fixtures.ts:57:72)
        at C:\dev\git\truttijagd\trutti-hunt\e2e\game-initialization.spec.ts:53:34

    attachment #1: screenshot (image/png) ──────────────────────────────────────────────────────────
    ..\test-results\game-initialization-Game-S-31788--display-initial-score-of-0-chromium\test-failed-1.png
    ────────────────────────────────────────────────────────────────────────────────────────────────

    attachment #2: video (video/webm) ──────────────────────────────────────────────────────────────
    ..\test-results\game-initialization-Game-S-31788--display-initial-score-of-0-chromium\video.webm
    ────────────────────────────────────────────────────────────────────────────────────────────────

    Error Context: ..\test-results\game-initialization-Game-S-31788--display-initial-score-of-0-chromium\error-context.md
]]>
</failure>
<system-out>
<![CDATA[
[[ATTACHMENT|..\test-results\game-initialization-Game-S-31788--display-initial-score-of-0-chromium\test-failed-1.png]]

[[ATTACHMENT|..\test-results\game-initialization-Game-S-31788--display-initial-score-of-0-chromium\video.webm]]

[[ATTACHMENT|..\test-results\game-initialization-Game-S-31788--display-initial-score-of-0-chromium\error-context.md]]
]]>
</system-out>
</testcase>
<testcase name="Game Start and UI › should display timer at 90 seconds" classname="game-initialization.spec.ts" time="13.873">
<failure message="game-initialization.spec.ts:57:7 should display timer at 90 seconds" type="FAILURE">
<![CDATA[  [chromium] › game-initialization.spec.ts:57:7 › Game Start and UI › should display timer at 90 seconds 

    TimeoutError: locator.textContent: Timeout 10000ms exceeded.
    Call log:
      - waiting for locator('text=/Time:.*\\d+s/')


       at fixtures.ts:63

      61 |       
      62 |       async getTimeRemaining() {
    > 63 |         const timeText = await page.locator('text=/Time:.*\\d+s/').textContent();
         |                                                                    ^
      64 |         const match = timeText?.match(/(\d+)s/);
      65 |         return match ? parseInt(match[1], 10) : 0;
      66 |       },
        at Object.getTimeRemaining (C:\dev\git\truttijagd\trutti-hunt\e2e\fixtures.ts:63:68)
        at C:\dev\git\truttijagd\trutti-hunt\e2e\game-initialization.spec.ts:59:33

    attachment #1: screenshot (image/png) ──────────────────────────────────────────────────────────
    ..\test-results\game-initialization-Game-S-70a4f-display-timer-at-90-seconds-chromium\test-failed-1.png
    ────────────────────────────────────────────────────────────────────────────────────────────────

    attachment #2: video (video/webm) ──────────────────────────────────────────────────────────────
    ..\test-results\game-initialization-Game-S-70a4f-display-timer-at-90-seconds-chromium\video.webm
    ────────────────────────────────────────────────────────────────────────────────────────────────

    Error Context: ..\test-results\game-initialization-Game-S-70a4f-display-timer-at-90-seconds-chromium\error-context.md
]]>
</failure>
<system-out>
<![CDATA[
[[ATTACHMENT|..\test-results\game-initialization-Game-S-70a4f-display-timer-at-90-seconds-chromium\test-failed-1.png]]

[[ATTACHMENT|..\test-results\game-initialization-Game-S-70a4f-display-timer-at-90-seconds-chromium\video.webm]]

[[ATTACHMENT|..\test-results\game-initialization-Game-S-70a4f-display-timer-at-90-seconds-chromium\error-context.md]]
]]>
</system-out>
</testcase>
<testcase name="Game Start and UI › should render canvas with appropriate dimensions" classname="game-initialization.spec.ts" time="2.911">
</testcase>
<testcase name="Difficulty Persistence › should remember selected difficulty after reload" classname="game-initialization.spec.ts" time="1.86">
</testcase>
<testcase name="Difficulty Persistence › should persist audio URL selection" classname="game-initialization.spec.ts" time="3.204">
</testcase>
</testsuite>
<testsuite name="game-states.spec.ts" timestamp="2026-02-08T09:22:47.501Z" hostname="chromium" tests="9" failures="9" skipped="0" time="200.299" errors="0">
<testcase name="Pause and Resume › should pause the game" classname="game-states.spec.ts" time="12.118">
<failure message="game-states.spec.ts:8:7 should pause the game" type="FAILURE">
<![CDATA[  [chromium] › game-states.spec.ts:8:7 › Pause and Resume › should pause the game ──────────────────

    TimeoutError: locator.textContent: Timeout 10000ms exceeded.
    Call log:
      - waiting for locator('text=/Time:.*\\d+s/')


       at fixtures.ts:63

      61 |       
      62 |       async getTimeRemaining() {
    > 63 |         const timeText = await page.locator('text=/Time:.*\\d+s/').textContent();
         |                                                                    ^
      64 |         const match = timeText?.match(/(\d+)s/);
      65 |         return match ? parseInt(match[1], 10) : 0;
      66 |       },
        at Object.getTimeRemaining (C:\dev\git\truttijagd\trutti-hunt\e2e\fixtures.ts:63:68)
        at C:\dev\git\truttijagd\trutti-hunt\e2e\game-states.spec.ts:11:39

    attachment #1: screenshot (image/png) ──────────────────────────────────────────────────────────
    ..\test-results\game-states-Pause-and-Resume-should-pause-the-game-chromium\test-failed-1.png
    ────────────────────────────────────────────────────────────────────────────────────────────────

    attachment #2: video (video/webm) ──────────────────────────────────────────────────────────────
    ..\test-results\game-states-Pause-and-Resume-should-pause-the-game-chromium\video.webm
    ────────────────────────────────────────────────────────────────────────────────────────────────

    Error Context: ..\test-results\game-states-Pause-and-Resume-should-pause-the-game-chromium\error-context.md
]]>
</failure>
<system-out>
<![CDATA[
[[ATTACHMENT|..\test-results\game-states-Pause-and-Resume-should-pause-the-game-chromium\test-failed-1.png]]

[[ATTACHMENT|..\test-results\game-states-Pause-and-Resume-should-pause-the-game-chromium\video.webm]]

[[ATTACHMENT|..\test-results\game-states-Pause-and-Resume-should-pause-the-game-chromium\error-context.md]]
]]>
</system-out>
</testcase>
<testcase name="Pause and Resume › should resume the game after pause" classname="game-states.spec.ts" time="16.193">
<failure message="game-states.spec.ts:27:7 should resume the game after pause" type="FAILURE">
<![CDATA[  [chromium] › game-states.spec.ts:27:7 › Pause and Resume › should resume the game after pause ────

    TimeoutError: locator.click: Timeout 10000ms exceeded.
    Call log:
      - waiting for locator('button:has-text("Pause")')


       at fixtures.ts:49

      47 |       
      48 |       async pauseGame() {
    > 49 |         await page.locator('button:has-text("Pause")').click();
         |                                                        ^
      50 |       },
      51 |       
      52 |       async resumeGame() {
        at Object.pauseGame (C:\dev\git\truttijagd\trutti-hunt\e2e\fixtures.ts:49:56)
        at C:\dev\git\truttijagd\trutti-hunt\e2e\game-states.spec.ts:30:20

    attachment #1: screenshot (image/png) ──────────────────────────────────────────────────────────
    ..\test-results\game-states-Pause-and-Resu-db0db-resume-the-game-after-pause-chromium\test-failed-1.png
    ────────────────────────────────────────────────────────────────────────────────────────────────

    attachment #2: video (video/webm) ──────────────────────────────────────────────────────────────
    ..\test-results\game-states-Pause-and-Resu-db0db-resume-the-game-after-pause-chromium\video.webm
    ────────────────────────────────────────────────────────────────────────────────────────────────

    Error Context: ..\test-results\game-states-Pause-and-Resu-db0db-resume-the-game-after-pause-chromium\error-context.md
]]>
</failure>
<system-out>
<![CDATA[
[[ATTACHMENT|..\test-results\game-states-Pause-and-Resu-db0db-resume-the-game-after-pause-chromium\test-failed-1.png]]

[[ATTACHMENT|..\test-results\game-states-Pause-and-Resu-db0db-resume-the-game-after-pause-chromium\video.webm]]

[[ATTACHMENT|..\test-results\game-states-Pause-and-Resu-db0db-resume-the-game-after-pause-chromium\error-context.md]]
]]>
</system-out>
</testcase>
<testcase name="Pause and Resume › should maintain score during pause" classname="game-states.spec.ts" time="17.004">
<failure message="game-states.spec.ts:44:7 should maintain score during pause" type="FAILURE">
<![CDATA[  [chromium] › game-states.spec.ts:44:7 › Pause and Resume › should maintain score during pause ────

    TimeoutError: locator.textContent: Timeout 10000ms exceeded.
    Call log:
      - waiting for locator('text=/Score:.*\\$\\d+/')


       at fixtures.ts:57

      55 |       
      56 |       async getScore() {
    > 57 |         const scoreText = await page.locator('text=/Score:.*\\$\\d+/').textContent();
         |                                                                        ^
      58 |         const match = scoreText?.match(/\$(\d+)/);
      59 |         return match ? parseInt(match[1], 10) : 0;
      60 |       },
        at Object.getScore (C:\dev\git\truttijagd\trutti-hunt\e2e\fixtures.ts:57:72)
        at C:\dev\git\truttijagd\trutti-hunt\e2e\game-states.spec.ts:54:40

    attachment #1: screenshot (image/png) ──────────────────────────────────────────────────────────
    ..\test-results\game-states-Pause-and-Resu-3978a-maintain-score-during-pause-chromium\test-failed-1.png
    ────────────────────────────────────────────────────────────────────────────────────────────────

    attachment #2: video (video/webm) ──────────────────────────────────────────────────────────────
    ..\test-results\game-states-Pause-and-Resu-3978a-maintain-score-during-pause-chromium\video.webm
    ────────────────────────────────────────────────────────────────────────────────────────────────

    Error Context: ..\test-results\game-states-Pause-and-Resu-3978a-maintain-score-during-pause-chromium\error-context.md
]]>
</failure>
<system-out>
<![CDATA[
[[ATTACHMENT|..\test-results\game-states-Pause-and-Resu-3978a-maintain-score-during-pause-chromium\test-failed-1.png]]

[[ATTACHMENT|..\test-results\game-states-Pause-and-Resu-3978a-maintain-score-during-pause-chromium\video.webm]]

[[ATTACHMENT|..\test-results\game-states-Pause-and-Resu-3978a-maintain-score-during-pause-chromium\error-context.md]]
]]>
</system-out>
</testcase>
<testcase name="Pause and Resume › should not allow clicking objects while paused" classname="game-states.spec.ts" time="14.772">
<failure message="game-states.spec.ts:69:7 should not allow clicking objects while paused" type="FAILURE">
<![CDATA[  [chromium] › game-states.spec.ts:69:7 › Pause and Resume › should not allow clicking objects while paused 

    TimeoutError: locator.textContent: Timeout 10000ms exceeded.
    Call log:
      - waiting for locator('text=/Score:.*\\$\\d+/')


       at fixtures.ts:57

      55 |       
      56 |       async getScore() {
    > 57 |         const scoreText = await page.locator('text=/Score:.*\\$\\d+/').textContent();
         |                                                                        ^
      58 |         const match = scoreText?.match(/\$(\d+)/);
      59 |         return match ? parseInt(match[1], 10) : 0;
      60 |       },
        at Object.getScore (C:\dev\git\truttijagd\trutti-hunt\e2e\fixtures.ts:57:72)
        at C:\dev\git\truttijagd\trutti-hunt\e2e\game-states.spec.ts:73:40

    attachment #1: screenshot (image/png) ──────────────────────────────────────────────────────────
    ..\test-results\game-states-Pause-and-Resu-28f50-icking-objects-while-paused-chromium\test-failed-1.png
    ────────────────────────────────────────────────────────────────────────────────────────────────

    attachment #2: video (video/webm) ──────────────────────────────────────────────────────────────
    ..\test-results\game-states-Pause-and-Resu-28f50-icking-objects-while-paused-chromium\video.webm
    ────────────────────────────────────────────────────────────────────────────────────────────────

    Error Context: ..\test-results\game-states-Pause-and-Resu-28f50-icking-objects-while-paused-chromium\error-context.md
]]>
</failure>
<system-out>
<![CDATA[
[[ATTACHMENT|..\test-results\game-states-Pause-and-Resu-28f50-icking-objects-while-paused-chromium\test-failed-1.png]]

[[ATTACHMENT|..\test-results\game-states-Pause-and-Resu-28f50-icking-objects-while-paused-chromium\video.webm]]

[[ATTACHMENT|..\test-results\game-states-Pause-and-Resu-28f50-icking-objects-while-paused-chromium\error-context.md]]
]]>
</system-out>
</testcase>
<testcase name="Pause and Resume › should handle multiple pause/resume cycles" classname="game-states.spec.ts" time="14.041">
<failure message="game-states.spec.ts:89:7 should handle multiple pause/resume cycles" type="FAILURE">
<![CDATA[  [chromium] › game-states.spec.ts:89:7 › Pause and Resume › should handle multiple pause/resume cycles 

    TimeoutError: locator.click: Timeout 10000ms exceeded.
    Call log:
      - waiting for locator('button:has-text("Pause")')


       at fixtures.ts:49

      47 |       
      48 |       async pauseGame() {
    > 49 |         await page.locator('button:has-text("Pause")').click();
         |                                                        ^
      50 |       },
      51 |       
      52 |       async resumeGame() {
        at Object.pauseGame (C:\dev\git\truttijagd\trutti-hunt\e2e\fixtures.ts:49:56)
        at C:\dev\git\truttijagd\trutti-hunt\e2e\game-states.spec.ts:94:22

    attachment #1: screenshot (image/png) ──────────────────────────────────────────────────────────
    ..\test-results\game-states-Pause-and-Resu-b7dc6-ultiple-pause-resume-cycles-chromium\test-failed-1.png
    ────────────────────────────────────────────────────────────────────────────────────────────────

    attachment #2: video (video/webm) ──────────────────────────────────────────────────────────────
    ..\test-results\game-states-Pause-and-Resu-b7dc6-ultiple-pause-resume-cycles-chromium\video.webm
    ────────────────────────────────────────────────────────────────────────────────────────────────

    Error Context: ..\test-results\game-states-Pause-and-Resu-b7dc6-ultiple-pause-resume-cycles-chromium\error-context.md
]]>
</failure>
<system-out>
<![CDATA[
[[ATTACHMENT|..\test-results\game-states-Pause-and-Resu-b7dc6-ultiple-pause-resume-cycles-chromium\test-failed-1.png]]

[[ATTACHMENT|..\test-results\game-states-Pause-and-Resu-b7dc6-ultiple-pause-resume-cycles-chromium\video.webm]]

[[ATTACHMENT|..\test-results\game-states-Pause-and-Resu-b7dc6-ultiple-pause-resume-cycles-chromium\error-context.md]]
]]>
</system-out>
</testcase>
<testcase name="Game Over › should end game when timer reaches zero" classname="game-states.spec.ts" time="31.993">
<failure message="game-states.spec.ts:111:7 should end game when timer reaches zero" type="FAILURE">
<![CDATA[  [chromium] › game-states.spec.ts:111:7 › Game Over › should end game when timer reaches zero ─────

    Test timeout of 30000ms exceeded.

    Error: expect(locator).toBeVisible() failed

    Locator: locator('text=/Game Over|Final Score/i')
    Expected: visible
    Error: element(s) not found

    Call log:
      - Expect "toBeVisible" with timeout 100000ms
      - waiting for locator('text=/Game Over|Final Score/i')


      113 |     
      114 |     // Wait for game to end (with timeout)
    > 115 |     await expect(page.locator('text=/Game Over|Final Score/i')).toBeVisible({ timeout: 100000 });
          |                                                                 ^
      116 |   });
      117 |
      118 |   test('should display final score at game over', async ({ gamePage, page }) => {
        at C:\dev\git\truttijagd\trutti-hunt\e2e\game-states.spec.ts:115:65

    attachment #1: screenshot (image/png) ──────────────────────────────────────────────────────────
    ..\test-results\game-states-Game-Over-shou-7b85d-ame-when-timer-reaches-zero-chromium\test-failed-1.png
    ────────────────────────────────────────────────────────────────────────────────────────────────

    attachment #2: video (video/webm) ──────────────────────────────────────────────────────────────
    ..\test-results\game-states-Game-Over-shou-7b85d-ame-when-timer-reaches-zero-chromium\video.webm
    ────────────────────────────────────────────────────────────────────────────────────────────────

    Error Context: ..\test-results\game-states-Game-Over-shou-7b85d-ame-when-timer-reaches-zero-chromium\error-context.md
]]>
</failure>
<system-out>
<![CDATA[
[[ATTACHMENT|..\test-results\game-states-Game-Over-shou-7b85d-ame-when-timer-reaches-zero-chromium\test-failed-1.png]]

[[ATTACHMENT|..\test-results\game-states-Game-Over-shou-7b85d-ame-when-timer-reaches-zero-chromium\video.webm]]

[[ATTACHMENT|..\test-results\game-states-Game-Over-shou-7b85d-ame-when-timer-reaches-zero-chromium\error-context.md]]
]]>
</system-out>
</testcase>
<testcase name="Game Over › should display final score at game over" classname="game-states.spec.ts" time="31.344">
<failure message="game-states.spec.ts:118:7 should display final score at game over" type="FAILURE">
<![CDATA[  [chromium] › game-states.spec.ts:118:7 › Game Over › should display final score at game over ─────

    Test timeout of 30000ms exceeded.

    Error: expect(locator).toBeVisible() failed

    Locator: locator('text=/Game Over|Final Score/i')
    Expected: visible
    Error: element(s) not found

    Call log:
      - Expect "toBeVisible" with timeout 100000ms
      - waiting for locator('text=/Game Over|Final Score/i')


      126 |     
      127 |     // Wait for game over (shortened for testing)
    > 128 |     await expect(page.locator('text=/Game Over|Final Score/i')).toBeVisible({ timeout: 100000 });
          |                                                                 ^
      129 |     
      130 |     // Check that a score is displayed
      131 |     const scoreText = await page.locator('text=/\\$\\d+/').first().textContent();
        at C:\dev\git\truttijagd\trutti-hunt\e2e\game-states.spec.ts:128:65

    attachment #1: screenshot (image/png) ──────────────────────────────────────────────────────────
    ..\test-results\game-states-Game-Over-shou-8ff70-ay-final-score-at-game-over-chromium\test-failed-1.png
    ────────────────────────────────────────────────────────────────────────────────────────────────

    attachment #2: video (video/webm) ──────────────────────────────────────────────────────────────
    ..\test-results\game-states-Game-Over-shou-8ff70-ay-final-score-at-game-over-chromium\video.webm
    ────────────────────────────────────────────────────────────────────────────────────────────────

    Error Context: ..\test-results\game-states-Game-Over-shou-8ff70-ay-final-score-at-game-over-chromium\error-context.md
]]>
</failure>
<system-out>
<![CDATA[
[[ATTACHMENT|..\test-results\game-states-Game-Over-shou-8ff70-ay-final-score-at-game-over-chromium\test-failed-1.png]]

[[ATTACHMENT|..\test-results\game-states-Game-Over-shou-8ff70-ay-final-score-at-game-over-chromium\video.webm]]

[[ATTACHMENT|..\test-results\game-states-Game-Over-shou-8ff70-ay-final-score-at-game-over-chromium\error-context.md]]
]]>
</system-out>
</testcase>
<testcase name="Game Over › should show scoreboard after game over" classname="game-states.spec.ts" time="31.902">
<failure message="game-states.spec.ts:135:7 should show scoreboard after game over" type="FAILURE">
<![CDATA[  [chromium] › game-states.spec.ts:135:7 › Game Over › should show scoreboard after game over ──────

    Test timeout of 30000ms exceeded.

    Error: expect(locator).toBeVisible() failed

    Locator: locator('text=/Game Over|Final Score/i')
    Expected: visible
    Error: element(s) not found

    Call log:
      - Expect "toBeVisible" with timeout 100000ms
      - waiting for locator('text=/Game Over|Final Score/i')


      137 |     
      138 |     // Wait for game over
    > 139 |     await expect(page.locator('text=/Game Over|Final Score/i')).toBeVisible({ timeout: 100000 });
          |                                                                 ^
      140 |     
      141 |     // Scoreboard should be visible
      142 |     await expect(page.locator('text=/High Scores|Scoreboard/i')).toBeVisible({ timeout: 5000 });
        at C:\dev\git\truttijagd\trutti-hunt\e2e\game-states.spec.ts:139:65

    attachment #1: screenshot (image/png) ──────────────────────────────────────────────────────────
    ..\test-results\game-states-Game-Over-should-show-scoreboard-after-game-over-chromium\test-failed-1.png
    ────────────────────────────────────────────────────────────────────────────────────────────────

    attachment #2: video (video/webm) ──────────────────────────────────────────────────────────────
    ..\test-results\game-states-Game-Over-should-show-scoreboard-after-game-over-chromium\video.webm
    ────────────────────────────────────────────────────────────────────────────────────────────────

    Error Context: ..\test-results\game-states-Game-Over-should-show-scoreboard-after-game-over-chromium\error-context.md
]]>
</failure>
<system-out>
<![CDATA[
[[ATTACHMENT|..\test-results\game-states-Game-Over-should-show-scoreboard-after-game-over-chromium\test-failed-1.png]]

[[ATTACHMENT|..\test-results\game-states-Game-Over-should-show-scoreboard-after-game-over-chromium\video.webm]]

[[ATTACHMENT|..\test-results\game-states-Game-Over-should-show-scoreboard-after-game-over-chromium\error-context.md]]
]]>
</system-out>
</testcase>
<testcase name="Game Over › should allow restarting after game over" classname="game-states.spec.ts" time="30.932">
<failure message="game-states.spec.ts:145:7 should allow restarting after game over" type="FAILURE">
<![CDATA[  [chromium] › game-states.spec.ts:145:7 › Game Over › should allow restarting after game over ─────

    Test timeout of 30000ms exceeded.

    Error: expect(locator).toBeVisible() failed

    Locator: locator('text=/Game Over|Final Score/i')
    Expected: visible
    Error: element(s) not found

    Call log:
      - Expect "toBeVisible" with timeout 100000ms
      - waiting for locator('text=/Game Over|Final Score/i')


      147 |     
      148 |     // Wait for game over
    > 149 |     await expect(page.locator('text=/Game Over|Final Score/i')).toBeVisible({ timeout: 100000 });
          |                                                                 ^
      150 |     
      151 |     // Should have option to restart
      152 |     const restartBtn = page.locator('button:has-text("Play Again"), button:has-text("Start Game")');
        at C:\dev\git\truttijagd\trutti-hunt\e2e\game-states.spec.ts:149:65

    attachment #1: screenshot (image/png) ──────────────────────────────────────────────────────────
    ..\test-results\game-states-Game-Over-shou-d4269--restarting-after-game-over-chromium\test-failed-1.png
    ────────────────────────────────────────────────────────────────────────────────────────────────

    attachment #2: video (video/webm) ──────────────────────────────────────────────────────────────
    ..\test-results\game-states-Game-Over-shou-d4269--restarting-after-game-over-chromium\video.webm
    ────────────────────────────────────────────────────────────────────────────────────────────────

    Error Context: ..\test-results\game-states-Game-Over-shou-d4269--restarting-after-game-over-chromium\error-context.md
]]>
</failure>
<system-out>
<![CDATA[
[[ATTACHMENT|..\test-results\game-states-Game-Over-shou-d4269--restarting-after-game-over-chromium\test-failed-1.png]]

[[ATTACHMENT|..\test-results\game-states-Game-Over-shou-d4269--restarting-after-game-over-chromium\video.webm]]

[[ATTACHMENT|..\test-results\game-states-Game-Over-shou-d4269--restarting-after-game-over-chromium\error-context.md]]
]]>
</system-out>
</testcase>
</testsuite>
<testsuite name="gameplay.spec.ts" timestamp="2026-02-08T09:22:47.501Z" hostname="chromium" tests="10" failures="6" skipped="0" time="152.1" errors="0">
<testcase name="Gameplay Mechanics › should allow clicking on canvas during gameplay" classname="gameplay.spec.ts" time="10.167">
</testcase>
<testcase name="Gameplay Mechanics › should increment score when objects are clicked" classname="gameplay.spec.ts" time="13.717">
<failure message="gameplay.spec.ts:24:7 should increment score when objects are clicked" type="FAILURE">
<![CDATA[  [chromium] › gameplay.spec.ts:24:7 › Gameplay Mechanics › should increment score when objects are clicked 

    TimeoutError: locator.textContent: Timeout 10000ms exceeded.
    Call log:
      - waiting for locator('text=/Score:.*\\$\\d+/')


       at fixtures.ts:57

      55 |       
      56 |       async getScore() {
    > 57 |         const scoreText = await page.locator('text=/Score:.*\\$\\d+/').textContent();
         |                                                                        ^
      58 |         const match = scoreText?.match(/\$(\d+)/);
      59 |         return match ? parseInt(match[1], 10) : 0;
      60 |       },
        at Object.getScore (C:\dev\git\truttijagd\trutti-hunt\e2e\fixtures.ts:57:72)
        at C:\dev\git\truttijagd\trutti-hunt\e2e\gameplay.spec.ts:27:41

    attachment #1: screenshot (image/png) ──────────────────────────────────────────────────────────
    ..\test-results\gameplay-Gameplay-Mechanic-52351-re-when-objects-are-clicked-chromium\test-failed-1.png
    ────────────────────────────────────────────────────────────────────────────────────────────────

    attachment #2: video (video/webm) ──────────────────────────────────────────────────────────────
    ..\test-results\gameplay-Gameplay-Mechanic-52351-re-when-objects-are-clicked-chromium\video.webm
    ────────────────────────────────────────────────────────────────────────────────────────────────

    Error Context: ..\test-results\gameplay-Gameplay-Mechanic-52351-re-when-objects-are-clicked-chromium\error-context.md
]]>
</failure>
<system-out>
<![CDATA[
[[ATTACHMENT|..\test-results\gameplay-Gameplay-Mechanic-52351-re-when-objects-are-clicked-chromium\test-failed-1.png]]

[[ATTACHMENT|..\test-results\gameplay-Gameplay-Mechanic-52351-re-when-objects-are-clicked-chromium\video.webm]]

[[ATTACHMENT|..\test-results\gameplay-Gameplay-Mechanic-52351-re-when-objects-are-clicked-chromium\error-context.md]]
]]>
</system-out>
</testcase>
<testcase name="Gameplay Mechanics › should decrease timer during gameplay" classname="gameplay.spec.ts" time="13.098">
<failure message="gameplay.spec.ts:44:7 should decrease timer during gameplay" type="FAILURE">
<![CDATA[  [chromium] › gameplay.spec.ts:44:7 › Gameplay Mechanics › should decrease timer during gameplay ──

    TimeoutError: locator.textContent: Timeout 10000ms exceeded.
    Call log:
      - waiting for locator('text=/Time:.*\\d+s/')


       at fixtures.ts:63

      61 |       
      62 |       async getTimeRemaining() {
    > 63 |         const timeText = await page.locator('text=/Time:.*\\d+s/').textContent();
         |                                                                    ^
      64 |         const match = timeText?.match(/(\d+)s/);
      65 |         return match ? parseInt(match[1], 10) : 0;
      66 |       },
        at Object.getTimeRemaining (C:\dev\git\truttijagd\trutti-hunt\e2e\fixtures.ts:63:68)
        at C:\dev\git\truttijagd\trutti-hunt\e2e\gameplay.spec.ts:47:40

    attachment #1: screenshot (image/png) ──────────────────────────────────────────────────────────
    ..\test-results\gameplay-Gameplay-Mechanic-b2ff3-rease-timer-during-gameplay-chromium\test-failed-1.png
    ────────────────────────────────────────────────────────────────────────────────────────────────

    attachment #2: video (video/webm) ──────────────────────────────────────────────────────────────
    ..\test-results\gameplay-Gameplay-Mechanic-b2ff3-rease-timer-during-gameplay-chromium\video.webm
    ────────────────────────────────────────────────────────────────────────────────────────────────

    Error Context: ..\test-results\gameplay-Gameplay-Mechanic-b2ff3-rease-timer-during-gameplay-chromium\error-context.md
]]>
</failure>
<system-out>
<![CDATA[
[[ATTACHMENT|..\test-results\gameplay-Gameplay-Mechanic-b2ff3-rease-timer-during-gameplay-chromium\test-failed-1.png]]

[[ATTACHMENT|..\test-results\gameplay-Gameplay-Mechanic-b2ff3-rease-timer-during-gameplay-chromium\video.webm]]

[[ATTACHMENT|..\test-results\gameplay-Gameplay-Mechanic-b2ff3-rease-timer-during-gameplay-chromium\error-context.md]]
]]>
</system-out>
</testcase>
<testcase name="Gameplay Mechanics › should spawn objects continuously during gameplay" classname="gameplay.spec.ts" time="8.162">
</testcase>
<testcase name="Gameplay Mechanics › should handle rapid clicking without crashing" classname="gameplay.spec.ts" time="23.435">
<failure message="gameplay.spec.ts:74:7 should handle rapid clicking without crashing" type="FAILURE">
<![CDATA[  [chromium] › gameplay.spec.ts:74:7 › Gameplay Mechanics › should handle rapid clicking without crashing 

    TimeoutError: locator.textContent: Timeout 10000ms exceeded.
    Call log:
      - waiting for locator('text=/Time:.*\\d+s/')


       at fixtures.ts:63

      61 |       
      62 |       async getTimeRemaining() {
    > 63 |         const timeText = await page.locator('text=/Time:.*\\d+s/').textContent();
         |                                                                    ^
      64 |         const match = timeText?.match(/(\d+)s/);
      65 |         return match ? parseInt(match[1], 10) : 0;
      66 |       },
        at Object.getTimeRemaining (C:\dev\git\truttijagd\trutti-hunt\e2e\fixtures.ts:63:68)
        at C:\dev\git\truttijagd\trutti-hunt\e2e\gameplay.spec.ts:87:33

    attachment #1: screenshot (image/png) ──────────────────────────────────────────────────────────
    ..\test-results\gameplay-Gameplay-Mechanic-cb6f2-d-clicking-without-crashing-chromium\test-failed-1.png
    ────────────────────────────────────────────────────────────────────────────────────────────────

    attachment #2: video (video/webm) ──────────────────────────────────────────────────────────────
    ..\test-results\gameplay-Gameplay-Mechanic-cb6f2-d-clicking-without-crashing-chromium\video.webm
    ────────────────────────────────────────────────────────────────────────────────────────────────

    Error Context: ..\test-results\gameplay-Gameplay-Mechanic-cb6f2-d-clicking-without-crashing-chromium\error-context.md
]]>
</failure>
<system-out>
<![CDATA[
[[ATTACHMENT|..\test-results\gameplay-Gameplay-Mechanic-cb6f2-d-clicking-without-crashing-chromium\test-failed-1.png]]

[[ATTACHMENT|..\test-results\gameplay-Gameplay-Mechanic-cb6f2-d-clicking-without-crashing-chromium\video.webm]]

[[ATTACHMENT|..\test-results\gameplay-Gameplay-Mechanic-cb6f2-d-clicking-without-crashing-chromium\error-context.md]]
]]>
</system-out>
</testcase>
<testcase name="Difficulty-Specific Mechanics › Andi difficulty should spawn bikini girls" classname="gameplay.spec.ts" time="7.839">
</testcase>
<testcase name="Difficulty-Specific Mechanics › Schuh difficulty should have faster gameplay" classname="gameplay.spec.ts" time="22.412">
<failure message="gameplay.spec.ts:107:7 Schuh difficulty should have faster gameplay" type="FAILURE">
<![CDATA[  [chromium] › gameplay.spec.ts:107:7 › Difficulty-Specific Mechanics › Schuh difficulty should have faster gameplay 

    TimeoutError: locator.textContent: Timeout 10000ms exceeded.
    Call log:
      - waiting for locator('text=/Time:.*\\d+s/')


       at fixtures.ts:63

      61 |       
      62 |       async getTimeRemaining() {
    > 63 |         const timeText = await page.locator('text=/Time:.*\\d+s/').textContent();
         |                                                                    ^
      64 |         const match = timeText?.match(/(\d+)s/);
      65 |         return match ? parseInt(match[1], 10) : 0;
      66 |       },
        at Object.getTimeRemaining (C:\dev\git\truttijagd\trutti-hunt\e2e\fixtures.ts:63:68)
        at C:\dev\git\truttijagd\trutti-hunt\e2e\gameplay.spec.ts:110:40

    attachment #1: screenshot (image/png) ──────────────────────────────────────────────────────────
    ..\test-results\gameplay-Difficulty-Specif-1c9cf-should-have-faster-gameplay-chromium\test-failed-1.png
    ────────────────────────────────────────────────────────────────────────────────────────────────

    attachment #2: video (video/webm) ──────────────────────────────────────────────────────────────
    ..\test-results\gameplay-Difficulty-Specif-1c9cf-should-have-faster-gameplay-chromium\video.webm
    ────────────────────────────────────────────────────────────────────────────────────────────────

    Error Context: ..\test-results\gameplay-Difficulty-Specif-1c9cf-should-have-faster-gameplay-chromium\error-context.md
]]>
</failure>
<system-out>
<![CDATA[
[[ATTACHMENT|..\test-results\gameplay-Difficulty-Specif-1c9cf-should-have-faster-gameplay-chromium\test-failed-1.png]]

[[ATTACHMENT|..\test-results\gameplay-Difficulty-Specif-1c9cf-should-have-faster-gameplay-chromium\video.webm]]

[[ATTACHMENT|..\test-results\gameplay-Difficulty-Specif-1c9cf-should-have-faster-gameplay-chromium\error-context.md]]
]]>
</system-out>
</testcase>
<testcase name="Difficulty-Specific Mechanics › Mexxx difficulty should have rapid object spawning" classname="gameplay.spec.ts" time="7.146">
</testcase>
<testcase name="Special Objects › should track special turkey catches" classname="gameplay.spec.ts" time="28.591">
<failure message="gameplay.spec.ts:134:7 should track special turkey catches" type="FAILURE">
<![CDATA[  [chromium] › gameplay.spec.ts:134:7 › Special Objects › should track special turkey catches ──────

    TimeoutError: locator.textContent: Timeout 10000ms exceeded.
    Call log:
      - waiting for locator('text=/Score:.*\\$\\d+/')


       at fixtures.ts:57

      55 |       
      56 |       async getScore() {
    > 57 |         const scoreText = await page.locator('text=/Score:.*\\$\\d+/').textContent();
         |                                                                        ^
      58 |         const match = scoreText?.match(/\$(\d+)/);
      59 |         return match ? parseInt(match[1], 10) : 0;
      60 |       },
        at Object.getScore (C:\dev\git\truttijagd\trutti-hunt\e2e\fixtures.ts:57:72)
        at C:\dev\git\truttijagd\trutti-hunt\e2e\gameplay.spec.ts:143:34

    attachment #1: screenshot (image/png) ──────────────────────────────────────────────────────────
    ..\test-results\gameplay-Special-Objects-should-track-special-turkey-catches-chromium\test-failed-1.png
    ────────────────────────────────────────────────────────────────────────────────────────────────

    attachment #2: video (video/webm) ──────────────────────────────────────────────────────────────
    ..\test-results\gameplay-Special-Objects-should-track-special-turkey-catches-chromium\video.webm
    ────────────────────────────────────────────────────────────────────────────────────────────────

    Error Context: ..\test-results\gameplay-Special-Objects-should-track-special-turkey-catches-chromium\error-context.md
]]>
</failure>
<system-out>
<![CDATA[
[[ATTACHMENT|..\test-results\gameplay-Special-Objects-should-track-special-turkey-catches-chromium\test-failed-1.png]]

[[ATTACHMENT|..\test-results\gameplay-Special-Objects-should-track-special-turkey-catches-chromium\video.webm]]

[[ATTACHMENT|..\test-results\gameplay-Special-Objects-should-track-special-turkey-catches-chromium\error-context.md]]
]]>
</system-out>
</testcase>
<testcase name="Special Objects › should complete special turkey collection" classname="gameplay.spec.ts" time="17.533">
<failure message="gameplay.spec.ts:148:7 should complete special turkey collection" type="FAILURE">
<![CDATA[  [chromium] › gameplay.spec.ts:148:7 › Special Objects › should complete special turkey collection 

    TimeoutError: locator.textContent: Timeout 10000ms exceeded.
    Call log:
      - waiting for locator('text=/Time:.*\\d+s/')


       at fixtures.ts:63

      61 |       
      62 |       async getTimeRemaining() {
    > 63 |         const timeText = await page.locator('text=/Time:.*\\d+s/').textContent();
         |                                                                    ^
      64 |         const match = timeText?.match(/(\d+)s/);
      65 |         return match ? parseInt(match[1], 10) : 0;
      66 |       },
        at Object.getTimeRemaining (C:\dev\git\truttijagd\trutti-hunt\e2e\fixtures.ts:63:68)
        at C:\dev\git\truttijagd\trutti-hunt\e2e\gameplay.spec.ts:157:35

    attachment #1: screenshot (image/png) ──────────────────────────────────────────────────────────
    ..\test-results\gameplay-Special-Objects-s-b9ac3-e-special-turkey-collection-chromium\test-failed-1.png
    ────────────────────────────────────────────────────────────────────────────────────────────────

    attachment #2: video (video/webm) ──────────────────────────────────────────────────────────────
    ..\test-results\gameplay-Special-Objects-s-b9ac3-e-special-turkey-collection-chromium\video.webm
    ────────────────────────────────────────────────────────────────────────────────────────────────

    Error Context: ..\test-results\gameplay-Special-Objects-s-b9ac3-e-special-turkey-collection-chromium\error-context.md
]]>
</failure>
<system-out>
<![CDATA[
[[ATTACHMENT|..\test-results\gameplay-Special-Objects-s-b9ac3-e-special-turkey-collection-chromium\test-failed-1.png]]

[[ATTACHMENT|..\test-results\gameplay-Special-Objects-s-b9ac3-e-special-turkey-collection-chromium\video.webm]]

[[ATTACHMENT|..\test-results\gameplay-Special-Objects-s-b9ac3-e-special-turkey-collection-chromium\error-context.md]]
]]>
</system-out>
</testcase>
</testsuite>
<testsuite name="performance.spec.ts" timestamp="2026-02-08T09:22:47.501Z" hostname="chromium" tests="11" failures="4" skipped="0" time="136.666" errors="0">
<testcase name="Performance Benchmarks › should maintain stable FPS during gameplay" classname="performance.spec.ts" time="14.008">
</testcase>
<testcase name="Performance Benchmarks › should handle high object count on Mexxx difficulty" classname="performance.spec.ts" time="19.038">
</testcase>
<testcase name="Performance Benchmarks › should not have memory leaks during extended play" classname="performance.spec.ts" time="30.533">
<failure message="performance.spec.ts:43:7 should not have memory leaks during extended play" type="FAILURE">
<![CDATA[  [chromium] › performance.spec.ts:43:7 › Performance Benchmarks › should not have memory leaks during extended play 

    Test timeout of 30000ms exceeded.

    Error: locator.textContent: Test timeout of 30000ms exceeded.
    Call log:
      - waiting for locator('text=/Time:.*\\d+s/')


       at fixtures.ts:63

      61 |       
      62 |       async getTimeRemaining() {
    > 63 |         const timeText = await page.locator('text=/Time:.*\\d+s/').textContent();
         |                                                                    ^
      64 |         const match = timeText?.match(/(\d+)s/);
      65 |         return match ? parseInt(match[1], 10) : 0;
      66 |       },
        at Object.getTimeRemaining (C:\dev\git\truttijagd\trutti-hunt\e2e\fixtures.ts:63:68)
        at C:\dev\git\truttijagd\trutti-hunt\e2e\performance.spec.ts:54:33

    attachment #1: screenshot (image/png) ──────────────────────────────────────────────────────────
    ..\test-results\performance-Performance-Be-2af38--leaks-during-extended-play-chromium\test-failed-1.png
    ────────────────────────────────────────────────────────────────────────────────────────────────

    attachment #2: video (video/webm) ──────────────────────────────────────────────────────────────
    ..\test-results\performance-Performance-Be-2af38--leaks-during-extended-play-chromium\video.webm
    ────────────────────────────────────────────────────────────────────────────────────────────────

    Error Context: ..\test-results\performance-Performance-Be-2af38--leaks-during-extended-play-chromium\error-context.md
]]>
</failure>
<system-out>
<![CDATA[
[[ATTACHMENT|..\test-results\performance-Performance-Be-2af38--leaks-during-extended-play-chromium\test-failed-1.png]]

[[ATTACHMENT|..\test-results\performance-Performance-Be-2af38--leaks-during-extended-play-chromium\video.webm]]

[[ATTACHMENT|..\test-results\performance-Performance-Be-2af38--leaks-during-extended-play-chromium\error-context.md]]
]]>
</system-out>
</testcase>
<testcase name="Performance Benchmarks › should load quickly on initial page load" classname="performance.spec.ts" time="5.004">
</testcase>
<testcase name="Performance Benchmarks › should render canvas without visible lag" classname="performance.spec.ts" time="8.131">
</testcase>
<testcase name="Resource Management › should properly cleanup on game restart" classname="performance.spec.ts" time="6.565">
</testcase>
<testcase name="Resource Management › should handle rapid difficulty changes" classname="performance.spec.ts" time="15.829">
<failure message="performance.spec.ts:100:7 should handle rapid difficulty changes" type="FAILURE">
<![CDATA[  [chromium] › performance.spec.ts:100:7 › Resource Management › should handle rapid difficulty changes 

    TimeoutError: locator.click: Timeout 10000ms exceeded.
    Call log:
      - waiting for locator('button:has-text("Andi")')


      102 |     
      103 |     for (const diff of difficulties) {
    > 104 |       await page.locator(`button:has-text("${diff}")`).click();
          |                                                        ^
      105 |       await page.waitForTimeout(200);
      106 |     }
      107 |     
        at C:\dev\git\truttijagd\trutti-hunt\e2e\performance.spec.ts:104:56

    attachment #1: screenshot (image/png) ──────────────────────────────────────────────────────────
    ..\test-results\performance-Resource-Manag-ad940-le-rapid-difficulty-changes-chromium\test-failed-1.png
    ────────────────────────────────────────────────────────────────────────────────────────────────

    attachment #2: video (video/webm) ──────────────────────────────────────────────────────────────
    ..\test-results\performance-Resource-Manag-ad940-le-rapid-difficulty-changes-chromium\video.webm
    ────────────────────────────────────────────────────────────────────────────────────────────────

    Error Context: ..\test-results\performance-Resource-Manag-ad940-le-rapid-difficulty-changes-chromium\error-context.md
]]>
</failure>
<system-out>
<![CDATA[
[[ATTACHMENT|..\test-results\performance-Resource-Manag-ad940-le-rapid-difficulty-changes-chromium\test-failed-1.png]]

[[ATTACHMENT|..\test-results\performance-Resource-Manag-ad940-le-rapid-difficulty-changes-chromium\video.webm]]

[[ATTACHMENT|..\test-results\performance-Resource-Manag-ad940-le-rapid-difficulty-changes-chromium\error-context.md]]
]]>
</system-out>
</testcase>
<testcase name="Resource Management › should handle page visibility changes" classname="performance.spec.ts" time="14.034">
<failure message="performance.spec.ts:112:7 should handle page visibility changes" type="FAILURE">
<![CDATA[  [chromium] › performance.spec.ts:112:7 › Resource Management › should handle page visibility changes 

    TimeoutError: locator.click: Timeout 10000ms exceeded.
    Call log:
      - waiting for locator('button:has-text("Pause")')


       at fixtures.ts:49

      47 |       
      48 |       async pauseGame() {
    > 49 |         await page.locator('button:has-text("Pause")').click();
         |                                                        ^
      50 |       },
      51 |       
      52 |       async resumeGame() {
        at Object.pauseGame (C:\dev\git\truttijagd\trutti-hunt\e2e\fixtures.ts:49:56)
        at C:\dev\git\truttijagd\trutti-hunt\e2e\performance.spec.ts:117:20

    attachment #1: screenshot (image/png) ──────────────────────────────────────────────────────────
    ..\test-results\performance-Resource-Manag-b2fd0-dle-page-visibility-changes-chromium\test-failed-1.png
    ────────────────────────────────────────────────────────────────────────────────────────────────

    attachment #2: video (video/webm) ──────────────────────────────────────────────────────────────
    ..\test-results\performance-Resource-Manag-b2fd0-dle-page-visibility-changes-chromium\video.webm
    ────────────────────────────────────────────────────────────────────────────────────────────────

    Error Context: ..\test-results\performance-Resource-Manag-b2fd0-dle-page-visibility-changes-chromium\error-context.md
]]>
</failure>
<system-out>
<![CDATA[
[[ATTACHMENT|..\test-results\performance-Resource-Manag-b2fd0-dle-page-visibility-changes-chromium\test-failed-1.png]]

[[ATTACHMENT|..\test-results\performance-Resource-Manag-b2fd0-dle-page-visibility-changes-chromium\video.webm]]

[[ATTACHMENT|..\test-results\performance-Resource-Manag-b2fd0-dle-page-visibility-changes-chromium\error-context.md]]
]]>
</system-out>
</testcase>
<testcase name="Stress Testing › should handle continuous gameplay session" classname="performance.spec.ts" time="12.7">
<failure message="performance.spec.ts:133:7 should handle continuous gameplay session" type="FAILURE">
<![CDATA[  [chromium] › performance.spec.ts:133:7 › Stress Testing › should handle continuous gameplay session 

    TimeoutError: locator.textContent: Timeout 10000ms exceeded.
    Call log:
      - waiting for locator('text=/Time:.*\\d+s/')


       at fixtures.ts:63

      61 |       
      62 |       async getTimeRemaining() {
    > 63 |         const timeText = await page.locator('text=/Time:.*\\d+s/').textContent();
         |                                                                    ^
      64 |         const match = timeText?.match(/(\d+)s/);
      65 |         return match ? parseInt(match[1], 10) : 0;
      66 |       },
        at Object.getTimeRemaining (C:\dev\git\truttijagd\trutti-hunt\e2e\fixtures.ts:63:68)
        at C:\dev\git\truttijagd\trutti-hunt\e2e\performance.spec.ts:141:35

    attachment #1: screenshot (image/png) ──────────────────────────────────────────────────────────
    ..\test-results\performance-Stress-Testing-eaa0f-continuous-gameplay-session-chromium\test-failed-1.png
    ────────────────────────────────────────────────────────────────────────────────────────────────

    attachment #2: video (video/webm) ──────────────────────────────────────────────────────────────
    ..\test-results\performance-Stress-Testing-eaa0f-continuous-gameplay-session-chromium\video.webm
    ────────────────────────────────────────────────────────────────────────────────────────────────

    Error Context: ..\test-results\performance-Stress-Testing-eaa0f-continuous-gameplay-session-chromium\error-context.md
]]>
</failure>
<system-out>
<![CDATA[
[[ATTACHMENT|..\test-results\performance-Stress-Testing-eaa0f-continuous-gameplay-session-chromium\test-failed-1.png]]

[[ATTACHMENT|..\test-results\performance-Stress-Testing-eaa0f-continuous-gameplay-session-chromium\video.webm]]

[[ATTACHMENT|..\test-results\performance-Stress-Testing-eaa0f-continuous-gameplay-session-chromium\error-context.md]]
]]>
</system-out>
</testcase>
<testcase name="Stress Testing › should handle edge case: clicking outside canvas" classname="performance.spec.ts" time="4.931">
</testcase>
<testcase name="Stress Testing › should handle browser resize during gameplay" classname="performance.spec.ts" time="5.893">
</testcase>
</testsuite>
<testsuite name="accessibility.spec.ts" timestamp="2026-02-08T09:22:47.501Z" hostname="firefox" tests="15" failures="15" skipped="0" time="0.179" errors="0">
<testcase name="Accessibility Tests › should have proper page title" classname="accessibility.spec.ts" time="0.012">
<failure message="accessibility.spec.ts:8:7 should have proper page title" type="FAILURE">
<![CDATA[  [firefox] › accessibility.spec.ts:8:7 › Accessibility Tests › should have proper page title ──────

    Error: browserType.launch: Executable doesn't exist at C:\Users\Simon\AppData\Local\ms-playwright\firefox-1509\firefox\firefox.exe
    ╔═════════════════════════════════════════════════════════════════════════╗
    ║ Looks like Playwright Test or Playwright was just installed or updated. ║
    ║ Please run the following command to download new browsers:              ║
    ║                                                                         ║
    ║     npx playwright install                                              ║
    ║                                                                         ║
    ║ <3 Playwright Team                                                      ║
    ╚═════════════════════════════════════════════════════════════════════════╝
]]>
</failure>
</testcase>
<testcase name="Accessibility Tests › should have focusable interactive elements" classname="accessibility.spec.ts" time="0.013">
<failure message="accessibility.spec.ts:12:7 should have focusable interactive elements" type="FAILURE">
<![CDATA[  [firefox] › accessibility.spec.ts:12:7 › Accessibility Tests › should have focusable interactive elements 

    Error: browserType.launch: Executable doesn't exist at C:\Users\Simon\AppData\Local\ms-playwright\firefox-1509\firefox\firefox.exe
    ╔═════════════════════════════════════════════════════════════════════════╗
    ║ Looks like Playwright Test or Playwright was just installed or updated. ║
    ║ Please run the following command to download new browsers:              ║
    ║                                                                         ║
    ║     npx playwright install                                              ║
    ║                                                                         ║
    ║ <3 Playwright Team                                                      ║
    ╚═════════════════════════════════════════════════════════════════════════╝
]]>
</failure>
</testcase>
<testcase name="Accessibility Tests › should have keyboard navigable difficulty selection" classname="accessibility.spec.ts" time="0.015">
<failure message="accessibility.spec.ts:18:7 should have keyboard navigable difficulty selection" type="FAILURE">
<![CDATA[  [firefox] › accessibility.spec.ts:18:7 › Accessibility Tests › should have keyboard navigable difficulty selection 

    Error: browserType.launch: Executable doesn't exist at C:\Users\Simon\AppData\Local\ms-playwright\firefox-1509\firefox\firefox.exe
    ╔═════════════════════════════════════════════════════════════════════════╗
    ║ Looks like Playwright Test or Playwright was just installed or updated. ║
    ║ Please run the following command to download new browsers:              ║
    ║                                                                         ║
    ║     npx playwright install                                              ║
    ║                                                                         ║
    ║ <3 Playwright Team                                                      ║
    ╚═════════════════════════════════════════════════════════════════════════╝
]]>
</failure>
</testcase>
<testcase name="Accessibility Tests › should support keyboard activation of buttons" classname="accessibility.spec.ts" time="0.013">
<failure message="accessibility.spec.ts:28:7 should support keyboard activation of buttons" type="FAILURE">
<![CDATA[  [firefox] › accessibility.spec.ts:28:7 › Accessibility Tests › should support keyboard activation of buttons 

    Error: browserType.launch: Executable doesn't exist at C:\Users\Simon\AppData\Local\ms-playwright\firefox-1509\firefox\firefox.exe
    ╔═════════════════════════════════════════════════════════════════════════╗
    ║ Looks like Playwright Test or Playwright was just installed or updated. ║
    ║ Please run the following command to download new browsers:              ║
    ║                                                                         ║
    ║     npx playwright install                                              ║
    ║                                                                         ║
    ║ <3 Playwright Team                                                      ║
    ╚═════════════════════════════════════════════════════════════════════════╝
]]>
</failure>
</testcase>
<testcase name="Accessibility Tests › should have adequate color contrast" classname="accessibility.spec.ts" time="0.019">
<failure message="accessibility.spec.ts:38:7 should have adequate color contrast" type="FAILURE">
<![CDATA[  [firefox] › accessibility.spec.ts:38:7 › Accessibility Tests › should have adequate color contrast 

    Error: browserType.launch: Executable doesn't exist at C:\Users\Simon\AppData\Local\ms-playwright\firefox-1509\firefox\firefox.exe
    ╔═════════════════════════════════════════════════════════════════════════╗
    ║ Looks like Playwright Test or Playwright was just installed or updated. ║
    ║ Please run the following command to download new browsers:              ║
    ║                                                                         ║
    ║     npx playwright install                                              ║
    ║                                                                         ║
    ║ <3 Playwright Team                                                      ║
    ╚═════════════════════════════════════════════════════════════════════════╝
]]>
</failure>
</testcase>
<testcase name="Accessibility Tests › should have semantic HTML structure" classname="accessibility.spec.ts" time="0.01">
<failure message="accessibility.spec.ts:55:7 should have semantic HTML structure" type="FAILURE">
<![CDATA[  [firefox] › accessibility.spec.ts:55:7 › Accessibility Tests › should have semantic HTML structure 

    Error: browserType.launch: Executable doesn't exist at C:\Users\Simon\AppData\Local\ms-playwright\firefox-1509\firefox\firefox.exe
    ╔═════════════════════════════════════════════════════════════════════════╗
    ║ Looks like Playwright Test or Playwright was just installed or updated. ║
    ║ Please run the following command to download new browsers:              ║
    ║                                                                         ║
    ║     npx playwright install                                              ║
    ║                                                                         ║
    ║ <3 Playwright Team                                                      ║
    ╚═════════════════════════════════════════════════════════════════════════╝
]]>
</failure>
</testcase>
<testcase name="Accessibility Tests › should handle high contrast mode" classname="accessibility.spec.ts" time="0.008">
<failure message="accessibility.spec.ts:62:7 should handle high contrast mode" type="FAILURE">
<![CDATA[  [firefox] › accessibility.spec.ts:62:7 › Accessibility Tests › should handle high contrast mode ──

    Error: browserType.launch: Executable doesn't exist at C:\Users\Simon\AppData\Local\ms-playwright\firefox-1509\firefox\firefox.exe
    ╔═════════════════════════════════════════════════════════════════════════╗
    ║ Looks like Playwright Test or Playwright was just installed or updated. ║
    ║ Please run the following command to download new browsers:              ║
    ║                                                                         ║
    ║     npx playwright install                                              ║
    ║                                                                         ║
    ║ <3 Playwright Team                                                      ║
    ╚═════════════════════════════════════════════════════════════════════════╝
]]>
</failure>
</testcase>
<testcase name="Accessibility Tests › should have visible focus indicators" classname="accessibility.spec.ts" time="0.011">
<failure message="accessibility.spec.ts:69:7 should have visible focus indicators" type="FAILURE">
<![CDATA[  [firefox] › accessibility.spec.ts:69:7 › Accessibility Tests › should have visible focus indicators 

    Error: browserType.launch: Executable doesn't exist at C:\Users\Simon\AppData\Local\ms-playwright\firefox-1509\firefox\firefox.exe
    ╔═════════════════════════════════════════════════════════════════════════╗
    ║ Looks like Playwright Test or Playwright was just installed or updated. ║
    ║ Please run the following command to download new browsers:              ║
    ║                                                                         ║
    ║     npx playwright install                                              ║
    ║                                                                         ║
    ║ <3 Playwright Team                                                      ║
    ╚═════════════════════════════════════════════════════════════════════════╝
]]>
</failure>
</testcase>
<testcase name="Screen Reader Support › should have descriptive button text" classname="accessibility.spec.ts" time="0.019">
<failure message="accessibility.spec.ts:84:7 should have descriptive button text" type="FAILURE">
<![CDATA[  [firefox] › accessibility.spec.ts:84:7 › Screen Reader Support › should have descriptive button text 

[...]
    ║ <3 Playwright Team                                                      ║
    ╚═════════════════════════════════════════════════════════════════════════╝
]]>
</failure>
</testcase>
<testcase name="Gameplay Mechanics › should handle rapid clicking without crashing" classname="gameplay.spec.ts" time="0.011">
<failure message="gameplay.spec.ts:74:7 should handle rapid clicking without crashing" type="FAILURE">
<![CDATA[  [mobile-safari] › gameplay.spec.ts:74:7 › Gameplay Mechanics › should handle rapid clicking without crashing 

    Error: browserType.launch: Executable doesn't exist at C:\Users\Simon\AppData\Local\ms-playwright\webkit-2248\Playwright.exe
    ╔═════════════════════════════════════════════════════════════════════════╗
    ║ Looks like Playwright Test or Playwright was just installed or updated. ║
    ║ Please run the following command to download new browsers:              ║
    ║                                                                         ║
    ║     npx playwright install                                              ║
    ║                                                                         ║
    ║ <3 Playwright Team                                                      ║
    ╚═════════════════════════════════════════════════════════════════════════╝
]]>
</failure>
</testcase>
<testcase name="Difficulty-Specific Mechanics › Andi difficulty should spawn bikini girls" classname="gameplay.spec.ts" time="0.013">
<failure message="gameplay.spec.ts:97:7 Andi difficulty should spawn bikini girls" type="FAILURE">
<![CDATA[  [mobile-safari] › gameplay.spec.ts:97:7 › Difficulty-Specific Mechanics › Andi difficulty should spawn bikini girls 

    Error: browserType.launch: Executable doesn't exist at C:\Users\Simon\AppData\Local\ms-playwright\webkit-2248\Playwright.exe
    ╔═════════════════════════════════════════════════════════════════════════╗
    ║ Looks like Playwright Test or Playwright was just installed or updated. ║
    ║ Please run the following command to download new browsers:              ║
    ║                                                                         ║
    ║     npx playwright install                                              ║
    ║                                                                         ║
    ║ <3 Playwright Team                                                      ║
    ╚═════════════════════════════════════════════════════════════════════════╝
]]>
</failure>
</testcase>
<testcase name="Difficulty-Specific Mechanics › Schuh difficulty should have faster gameplay" classname="gameplay.spec.ts" time="0.01">
<failure message="gameplay.spec.ts:107:7 Schuh difficulty should have faster gameplay" type="FAILURE">
<![CDATA[  [mobile-safari] › gameplay.spec.ts:107:7 › Difficulty-Specific Mechanics › Schuh difficulty should have faster gameplay 

    Error: browserType.launch: Executable doesn't exist at C:\Users\Simon\AppData\Local\ms-playwright\webkit-2248\Playwright.exe
    ╔═════════════════════════════════════════════════════════════════════════╗
    ║ Looks like Playwright Test or Playwright was just installed or updated. ║
    ║ Please run the following command to download new browsers:              ║
    ║                                                                         ║
    ║     npx playwright install                                              ║
    ║                                                                         ║
    ║ <3 Playwright Team                                                      ║
    ╚═════════════════════════════════════════════════════════════════════════╝
]]>
</failure>
</testcase>
<testcase name="Difficulty-Specific Mechanics › Mexxx difficulty should have rapid object spawning" classname="gameplay.spec.ts" time="0.015">
<failure message="gameplay.spec.ts:118:7 Mexxx difficulty should have rapid object spawning" type="FAILURE">
<![CDATA[  [mobile-safari] › gameplay.spec.ts:118:7 › Difficulty-Specific Mechanics › Mexxx difficulty should have rapid object spawning 

    Error: browserType.launch: Executable doesn't exist at C:\Users\Simon\AppData\Local\ms-playwright\webkit-2248\Playwright.exe
    ╔═════════════════════════════════════════════════════════════════════════╗
    ║ Looks like Playwright Test or Playwright was just installed or updated. ║
    ║ Please run the following command to download new browsers:              ║
    ║                                                                         ║
    ║     npx playwright install                                              ║
    ║                                                                         ║
    ║ <3 Playwright Team                                                      ║
    ╚═════════════════════════════════════════════════════════════════════════╝
]]>
</failure>
</testcase>
<testcase name="Special Objects › should track special turkey catches" classname="gameplay.spec.ts" time="0.01">
<failure message="gameplay.spec.ts:134:7 should track special turkey catches" type="FAILURE">
<![CDATA[  [mobile-safari] › gameplay.spec.ts:134:7 › Special Objects › should track special turkey catches ─

    Error: browserType.launch: Executable doesn't exist at C:\Users\Simon\AppData\Local\ms-playwright\webkit-2248\Playwright.exe
    ╔═════════════════════════════════════════════════════════════════════════╗
    ║ Looks like Playwright Test or Playwright was just installed or updated. ║
    ║ Please run the following command to download new browsers:              ║
    ║                                                                         ║
    ║     npx playwright install                                              ║
    ║                                                                         ║
    ║ <3 Playwright Team                                                      ║
    ╚═════════════════════════════════════════════════════════════════════════╝
]]>
</failure>
</testcase>
<testcase name="Special Objects › should complete special turkey collection" classname="gameplay.spec.ts" time="0.019">
<failure message="gameplay.spec.ts:148:7 should complete special turkey collection" type="FAILURE">
<![CDATA[  [mobile-safari] › gameplay.spec.ts:148:7 › Special Objects › should complete special turkey collection 

    Error: browserType.launch: Executable doesn't exist at C:\Users\Simon\AppData\Local\ms-playwright\webkit-2248\Playwright.exe
    ╔═════════════════════════════════════════════════════════════════════════╗
    ║ Looks like Playwright Test or Playwright was just installed or updated. ║
    ║ Please run the following command to download new browsers:              ║
    ║                                                                         ║
    ║     npx playwright install                                              ║
    ║                                                                         ║
    ║ <3 Playwright Team                                                      ║
    ╚═════════════════════════════════════════════════════════════════════════╝
]]>
</failure>
</testcase>
</testsuite>
<testsuite name="performance.spec.ts" timestamp="2026-02-08T09:22:47.501Z" hostname="mobile-safari" tests="11" failures="11" skipped="0" time="0.144" errors="0">
<testcase name="Performance Benchmarks › should maintain stable FPS during gameplay" classname="performance.spec.ts" time="0.012">
<failure message="performance.spec.ts:8:7 should maintain stable FPS during gameplay" type="FAILURE">
<![CDATA[  [mobile-safari] › performance.spec.ts:8:7 › Performance Benchmarks › should maintain stable FPS during gameplay 

    Error: browserType.launch: Executable doesn't exist at C:\Users\Simon\AppData\Local\ms-playwright\webkit-2248\Playwright.exe
    ╔═════════════════════════════════════════════════════════════════════════╗
    ║ Looks like Playwright Test or Playwright was just installed or updated. ║
    ║ Please run the following command to download new browsers:              ║
    ║                                                                         ║
    ║     npx playwright install                                              ║
    ║                                                                         ║
    ║ <3 Playwright Team                                                      ║
    ╚═════════════════════════════════════════════════════════════════════════╝
]]>
</failure>
</testcase>
<testcase name="Performance Benchmarks › should handle high object count on Mexxx difficulty" classname="performance.spec.ts" time="0.014">
<failure message="performance.spec.ts:27:7 should handle high object count on Mexxx difficulty" type="FAILURE">
<![CDATA[  [mobile-safari] › performance.spec.ts:27:7 › Performance Benchmarks › should handle high object count on Mexxx difficulty 

    Error: browserType.launch: Executable doesn't exist at C:\Users\Simon\AppData\Local\ms-playwright\webkit-2248\Playwright.exe
    ╔═════════════════════════════════════════════════════════════════════════╗
    ║ Looks like Playwright Test or Playwright was just installed or updated. ║
    ║ Please run the following command to download new browsers:              ║
    ║                                                                         ║
    ║     npx playwright install                                              ║
    ║                                                                         ║
    ║ <3 Playwright Team                                                      ║
    ╚═════════════════════════════════════════════════════════════════════════╝
]]>
</failure>
</testcase>
<testcase name="Performance Benchmarks › should not have memory leaks during extended play" classname="performance.spec.ts" time="0.009">
<failure message="performance.spec.ts:43:7 should not have memory leaks during extended play" type="FAILURE">
<![CDATA[  [mobile-safari] › performance.spec.ts:43:7 › Performance Benchmarks › should not have memory leaks during extended play 

    Error: browserType.launch: Executable doesn't exist at C:\Users\Simon\AppData\Local\ms-playwright\webkit-2248\Playwright.exe
    ╔═════════════════════════════════════════════════════════════════════════╗
    ║ Looks like Playwright Test or Playwright was just installed or updated. ║
    ║ Please run the following command to download new browsers:              ║
    ║                                                                         ║
    ║     npx playwright install                                              ║
    ║                                                                         ║
    ║ <3 Playwright Team                                                      ║
    ╚═════════════════════════════════════════════════════════════════════════╝
]]>
</failure>
</testcase>
<testcase name="Performance Benchmarks › should load quickly on initial page load" classname="performance.spec.ts" time="0.011">
<failure message="performance.spec.ts:58:7 should load quickly on initial page load" type="FAILURE">
<![CDATA[  [mobile-safari] › performance.spec.ts:58:7 › Performance Benchmarks › should load quickly on initial page load 

    Error: browserType.launch: Executable doesn't exist at C:\Users\Simon\AppData\Local\ms-playwright\webkit-2248\Playwright.exe
    ╔═════════════════════════════════════════════════════════════════════════╗
    ║ Looks like Playwright Test or Playwright was just installed or updated. ║
    ║ Please run the following command to download new browsers:              ║
    ║                                                                         ║
    ║     npx playwright install                                              ║
    ║                                                                         ║
    ║ <3 Playwright Team                                                      ║
    ╚═════════════════════════════════════════════════════════════════════════╝
]]>
</failure>
</testcase>
<testcase name="Performance Benchmarks › should render canvas without visible lag" classname="performance.spec.ts" time="0.009">
<failure message="performance.spec.ts:68:7 should render canvas without visible lag" type="FAILURE">
<![CDATA[  [mobile-safari] › performance.spec.ts:68:7 › Performance Benchmarks › should render canvas without visible lag 

    Error: browserType.launch: Executable doesn't exist at C:\Users\Simon\AppData\Local\ms-playwright\webkit-2248\Playwright.exe
    ╔═════════════════════════════════════════════════════════════════════════╗
    ║ Looks like Playwright Test or Playwright was just installed or updated. ║
    ║ Please run the following command to download new browsers:              ║
    ║                                                                         ║
    ║     npx playwright install                                              ║
    ║                                                                         ║
    ║ <3 Playwright Team                                                      ║
    ╚═════════════════════════════════════════════════════════════════════════╝
]]>
</failure>
</testcase>
<testcase name="Resource Management › should properly cleanup on game restart" classname="performance.spec.ts" time="0.019">
<failure message="performance.spec.ts:90:7 should properly cleanup on game restart" type="FAILURE">
<![CDATA[  [mobile-safari] › performance.spec.ts:90:7 › Resource Management › should properly cleanup on game restart 

    Error: browserType.launch: Executable doesn't exist at C:\Users\Simon\AppData\Local\ms-playwright\webkit-2248\Playwright.exe
    ╔═════════════════════════════════════════════════════════════════════════╗
    ║ Looks like Playwright Test or Playwright was just installed or updated. ║
    ║ Please run the following command to download new browsers:              ║
    ║                                                                         ║
    ║     npx playwright install                                              ║
    ║                                                                         ║
    ║ <3 Playwright Team                                                      ║
    ╚═════════════════════════════════════════════════════════════════════════╝
]]>
</failure>
</testcase>
<testcase name="Resource Management › should handle rapid difficulty changes" classname="performance.spec.ts" time="0.01">
<failure message="performance.spec.ts:100:7 should handle rapid difficulty changes" type="FAILURE">
<![CDATA[  [mobile-safari] › performance.spec.ts:100:7 › Resource Management › should handle rapid difficulty changes 

    Error: browserType.launch: Executable doesn't exist at C:\Users\Simon\AppData\Local\ms-playwright\webkit-2248\Playwright.exe
    ╔═════════════════════════════════════════════════════════════════════════╗
    ║ Looks like Playwright Test or Playwright was just installed or updated. ║
    ║ Please run the following command to download new browsers:              ║
    ║                                                                         ║
    ║     npx playwright install                                              ║
    ║                                                                         ║
    ║ <3 Playwright Team                                                      ║
    ╚═════════════════════════════════════════════════════════════════════════╝
]]>
</failure>
</testcase>
<testcase name="Resource Management › should handle page visibility changes" classname="performance.spec.ts" time="0.011">
<failure message="performance.spec.ts:112:7 should handle page visibility changes" type="FAILURE">
<![CDATA[  [mobile-safari] › performance.spec.ts:112:7 › Resource Management › should handle page visibility changes 

    Error: browserType.launch: Executable doesn't exist at C:\Users\Simon\AppData\Local\ms-playwright\webkit-2248\Playwright.exe
    ╔═════════════════════════════════════════════════════════════════════════╗
    ║ Looks like Playwright Test or Playwright was just installed or updated. ║
    ║ Please run the following command to download new browsers:              ║
    ║                                                                         ║
    ║     npx playwright install                                              ║
    ║                                                                         ║
    ║ <3 Playwright Team                                                      ║
    ╚═════════════════════════════════════════════════════════════════════════╝
]]>
</failure>
</testcase>
<testcase name="Stress Testing › should handle continuous gameplay session" classname="performance.spec.ts" time="0.017">
<failure message="performance.spec.ts:133:7 should handle continuous gameplay session" type="FAILURE">
<![CDATA[  [mobile-safari] › performance.spec.ts:133:7 › Stress Testing › should handle continuous gameplay session 

    Error: browserType.launch: Executable doesn't exist at C:\Users\Simon\AppData\Local\ms-playwright\webkit-2248\Playwright.exe
    ╔═════════════════════════════════════════════════════════════════════════╗
    ║ Looks like Playwright Test or Playwright was just installed or updated. ║
    ║ Please run the following command to download new browsers:              ║
    ║                                                                         ║
    ║     npx playwright install                                              ║
    ║                                                                         ║
    ║ <3 Playwright Team                                                      ║
    ╚═════════════════════════════════════════════════════════════════════════╝
]]>
</failure>
</testcase>
<testcase name="Stress Testing › should handle edge case: clicking outside canvas" classname="performance.spec.ts" time="0.017">
<failure message="performance.spec.ts:150:7 should handle edge case: clicking outside canvas" type="FAILURE">
<![CDATA[  [mobile-safari] › performance.spec.ts:150:7 › Stress Testing › should handle edge case: clicking outside canvas 

    Error: browserType.launch: Executable doesn't exist at C:\Users\Simon\AppData\Local\ms-playwright\webkit-2248\Playwright.exe
    ╔═════════════════════════════════════════════════════════════════════════╗
    ║ Looks like Playwright Test or Playwright was just installed or updated. ║
    ║ Please run the following command to download new browsers:              ║
    ║                                                                         ║
    ║     npx playwright install                                              ║
    ║                                                                         ║
    ║ <3 Playwright Team                                                      ║
    ╚═════════════════════════════════════════════════════════════════════════╝
]]>
</failure>
</testcase>
<testcase name="Stress Testing › should handle browser resize during gameplay" classname="performance.spec.ts" time="0.015">
<failure message="performance.spec.ts:161:7 should handle browser resize during gameplay" type="FAILURE">
<![CDATA[  [mobile-safari] › performance.spec.ts:161:7 › Stress Testing › should handle browser resize during gameplay 

    Error: browserType.launch: Executable doesn't exist at C:\Users\Simon\AppData\Local\ms-playwright\webkit-2248\Playwright.exe
    ╔═════════════════════════════════════════════════════════════════════════╗
    ║ Looks like Playwright Test or Playwright was just installed or updated. ║
    ║ Please run the following command to download new browsers:              ║
    ║                                                                         ║
    ║     npx playwright install                                              ║
    ║                                                                         ║
    ║ <3 Playwright Team                                                      ║
    ╚═════════════════════════════════════════════════════════════════════════╝
]]>
</failure>
</testcase>
</testsuite>
</testsuites>